dim=2 n=1000

------------------------------------------------------------------------
Enclave: Total Setup Time for HE inside enclave = 22.017 s 22.095 22.666 
------------------------------------------------------------------------
Encrypting the data and labels...
------------------------------------------------------------------------
Host: Client Encryption Time = 13.0077 s 13.2949 13.2172  = 13.17
Host: Client Communication Cost = : 159.746 MB 
------------------------------------------------------------------------
------------------------------------------------------------------------
Enclave: Matrix inverse runtime inside enclave = 0 ms 0 0 0 0
------------------------------------------------------------------------
Enclave: Runtime inside enclave = 1.488 s 1.627 1.487 = 1.53
------------------------------------------------------------------------
------------------------------------------------------------------------
Host: RunTime in Host = 264.964 s 273.284 272.094 = 270.11
------------------------------------------------------------------------
Host: LR Training Time= 266.455 s 274.914 273.583 = 271.65
------------------------------------------------------------------------
Host: Communication Cost between Server and Enclave = : 0.563309 MB
------------------------------------------------------------------------


dim=4 n=1000

------------------------------------------------------------------------
Enclave: Total Setup Time for HE inside enclave = 21.858 s 23.266 22.29 22.6
------------------------------------------------------------------------
Encrypting the data and labels...
------------------------------------------------------------------------
Host: Client Encryption Time = 13.4768 s 13.4901 14.3015 14.0503 14.023 = 13.87
Host: Client Communication Cost = : 159.746 MB 
------------------------------------------------------------------------
------------------------------------------------------------------------
Enclave: Matrix inverse runtime inside enclave = 0 ms
------------------------------------------------------------------------
Enclave: Runtime inside enclave = 1.523 s 1.51 1.58 1.55 1.613 = 1.55
------------------------------------------------------------------------
------------------------------------------------------------------------
Host: RunTime in Host = 264.131 s 270.708 272.355 273.69 271.766 = 270.53
------------------------------------------------------------------------
Host: LR Training Time= 265.656 s 272.221 273.937 275.24 273.382 = 272.09
------------------------------------------------------------------------
Host: Communication Cost between Server and Enclave = : 0.563309 MB
------------------------------------------------------------------------


dim=6 n=1000

------------------------------------------------------------------------
Enclave: Total Setup Time for HE inside enclave = 21.811 s 24.187 23.379 23.401 24.104 = 23.38
------------------------------------------------------------------------
Encrypting the data and labels...
------------------------------------------------------------------------
Host: Client Encryption Time = 13.7945 s 14.9985 14.159 14.7118 15.4217 = 14.62
Host: Client Communication Cost = : 159.746 MB
------------------------------------------------------------------------
------------------------------------------------------------------------
Enclave: Matrix inverse runtime inside enclave = 0 ms 0 0 0 0 =0
------------------------------------------------------------------------
Enclave: Runtime inside enclave = 1.54 s 1.601 1.53 1.611 1.686 = 1.59
------------------------------------------------------------------------
------------------------------------------------------------------------
Host: RunTime in Host = 264.484 s 272.09 271.478 282.958 279.764 = 274.15
------------------------------------------------------------------------
Host: LR Training Time= 266.027 s 273.686 273.011 284.571 281.453 = 275.75
------------------------------------------------------------------------
Host: Communication Cost between Server and Enclave = : 0.563309 MB
------------------------------------------------------------------------



dim=8 n=1000

------------------------------------------------------------------------
Enclave: Total Setup Time for HE inside enclave = 22.152 22.268 s 21.907 22.405 22.64
------------------------------------------------------------------------
Encrypting the data and labels...
------------------------------------------------------------------------
Host: Client Encryption Time = 14.0683 s 14.1678  13.7576  14.2683 14.0836 = 14.07
Host: Client Communication Cost = : 159.746 MB
------------------------------------------------------------------------
------------------------------------------------------------------------
Enclave: Matrix inverse runtime inside enclave = 0 ms 0 0  0 0 = 0
------------------------------------------------------------------------
Enclave: Runtime inside enclave = 1.543 s 1.548 1.522 1.512 1.551 = 1.53
------------------------------------------------------------------------
------------------------------------------------------------------------
Host: RunTime in Host = 270.69 s 269.032  269.65  267.5 269.734 = 269.32
------------------------------------------------------------------------
Host: LR Training Time= 272.236 s 270.582 270.753 269.015 271.287 = 270.78
------------------------------------------------------------------------
Host: Communication Cost between Server and Enclave = : 0.563309 MB
------------------------------------------------------------------------


dim=16 n=1000

------------------------------------------------------------------------
Enclave: Total Setup Time for HE inside enclave = 22.055 s 22.641 21.909 22.697 22.014
------------------------------------------------------------------------
Encrypting the data and labels...
------------------------------------------------------------------------
Host: Client Encryption Time = 14.6367 s 15.8124 15.4949 15.9148 16.0527 = 15.58 
Host: Client Communication Cost = : 159.746 MB
------------------------------------------------------------------------
------------------------------------------------------------------------
Enclave: Matrix inverse runtime inside enclave = 0 ms
------------------------------------------------------------------------
Enclave: Runtime inside enclave = 1.514 s 1.533 1.531 1.59 1.541 = 1.54
------------------------------------------------------------------------
------------------------------------------------------------------------
Host: RunTime in Host = 267.471 s 273.196 268.367 268.768 269.391 = 268.84
------------------------------------------------------------------------
Host: LR Training Time= 268.987 s 274.731 269.9 270.361 270.934 = 270.98
------------------------------------------------------------------------
Host: Communication Cost between Server and Enclave = : 0.563309 MB
------------------------------------------------------------------------


dim=32 n=1000

------------------------------------------------------------------------
Enclave: Total Setup Time for HE inside enclave = 40.66 s 40.436 40.374 41.356 40.765 = 40.72
--------------------------------------------------------------------- ---
Encrypting the data and labels...
------------------------------------------------------------------------
Host: Client Encryption Time = 10.2087 s 10.2238 10.2729 10.389 10.3459 = 10.29
Host: Client Communication Cost = : 544.349 MB
------------------------------------------------------------------------
------------------------------------------------------------------------
Enclave: Matrix inverse runtime inside enclave = 2 ms 2  2 2  = 2
------------------------------------------------------------------------
Enclave: Runtime inside enclave = 3.799 s 3.657 3.65 3.694 3.722 = 3.59
------------------------------------------------------------------------
------------------------------------------------------------------------
Host: RunTime in Host = 121.307 s 117.633 117.853 119.763 118.619 = 119.04
------------------------------------------------------------------------
Host: LR Training Time= 125.113 s 121.299 121.511 123.466 122.35 = 122.75
------------------------------------------------------------------------
Host: Communication Cost between Server and Enclave = : 1.75104 MB
------------------------------------------------------------------------

dim=64 n=1000

------------------------------------------------------------------------
Enclave: Total Setup Time for HE inside enclave = 78.137 s 79.814 80.697 80.987 79.88 = 79.90
------------------------------------------------------------------------
Encrypting the data and labels...
------------------------------------------------------------------------
Host: Client Encryption Time = 9.88841 s 10.0143 9.95118 9.95611 10.0081 = 9.96
Host: Client Communication Cost = : 396.298 MB
------------------------------------------------------------------------
------------------------------------------------------------------------
Enclave: Matrix inverse runtime inside enclave = 26 ms 27 26 26 25 = 26
------------------------------------------------------------------------
Enclave: Runtime inside enclave = 5.93 s 5.958 5.954 5.971 6.027 = 5.97
------------------------------------------------------------------------
------------------------------------------------------------------------
Host: RunTime in Host = 64.7849 s 64.9053 64.7394 64.8315 64.9388 = 64.84
---------------------------------------------------- --------------------
Host: LR Training Time= 70.722 s 70.8694 70.7005 70.8101 70.9734 = 70.81
------------------------------------------------------------------------
Host: Communication Cost between Server and Enclave = : 1.37592 MB
------------------------------------------------------------------------

X: Matrix dimension; 
Y: Time (s)

Y1: Encryption time on DO
Y2: Runtime on CSP host
Y3: Runtime on enclave
Y4: Training time


X = [2, 4, 6, 8, 16, 32, 64] 
Y1 = [13.17, 13.87, 14.62, 14.07, 15.58, 10.29, 9.96]
Y2 = [270.11, 270.53, 274.15, 269.32, 268.84, 119.04, 64.84]
Y3 = [1.53, 1.55, 1.59, 1.53, 1.54, 3.59, 5.97]
Y4 = [271.65, 272.09, 275.75, 270.78, 270.98, 122.75, 70.81]