dim=2 n=1000

------------------------------------------------------------------------
Enclave: Total Setup Time for HE inside enclave = 22.017 s
------------------------------------------------------------------------
Encrypting the data and labels...
------------------------------------------------------------------------
Host: Client Encryption Time = 13.0077 s
Host: Client Communication Cost = : 159.746 MB
------------------------------------------------------------------------
------------------------------------------------------------------------
Enclave: Matrix inverse runtime inside enclave = 0 us
------------------------------------------------------------------------
Enclave: Runtime inside enclave = 1.488 s
------------------------------------------------------------------------
------------------------------------------------------------------------
Host: RunTime in Host = 264.964 s
------------------------------------------------------------------------
Host: LR Training Time= 266.455 s
------------------------------------------------------------------------
Host: Communication Cost between Server and Enclave = : 0.563309 MB
------------------------------------------------------------------------


dim=4 n=1000

------------------------------------------------------------------------
Enclave: Total Setup Time for HE inside enclave = 21.858 s
------------------------------------------------------------------------
Encrypting the data and labels...
------------------------------------------------------------------------
Host: Client Encryption Time = 13.4768 s
Host: Client Communication Cost = : 159.746 MB
------------------------------------------------------------------------
------------------------------------------------------------------------
Enclave: Matrix inverse runtime inside enclave = 0 ns
------------------------------------------------------------------------
Enclave: Runtime inside enclave = 1.523 s
------------------------------------------------------------------------
------------------------------------------------------------------------
Host: RunTime in Host = 264.131 s
------------------------------------------------------------------------
Host: LR Training Time= 265.656 s
------------------------------------------------------------------------
Host: Communication Cost between Server and Enclave = : 0.563309 MB
------------------------------------------------------------------------

dim=6 n=1000

------------------------------------------------------------------------
Enclave: Total Setup Time for HE inside enclave = 21.811 s
------------------------------------------------------------------------
Encrypting the data and labels...
------------------------------------------------------------------------
Host: Client Encryption Time = 13.7945 s
Host: Client Communication Cost = : 159.746 MB
------------------------------------------------------------------------
------------------------------------------------------------------------
Enclave: Matrix inverse runtime inside enclave = 0 ns
------------------------------------------------------------------------
Enclave: Runtime inside enclave = 1.54 s
------------------------------------------------------------------------
------------------------------------------------------------------------
Host: RunTime in Host = 264.484 s
------------------------------------------------------------------------
Host: LR Training Time= 266.027 s
------------------------------------------------------------------------
Host: Communication Cost between Server and Enclave = : 0.563309 MB
------------------------------------------------------------------------

dim=8 n=1000

------------------------------------------------------------------------
Enclave: Total Setup Time for HE inside enclave = 21.907 s
------------------------------------------------------------------------
------------------------------------------------------------------------
Host: Client Encryption Time = 13.7576 s
Host: Client Communication Cost = : 159.746 MB
------------------------------------------------------------------------
------------------------------------------------------------------------
Enclave: Matrix Inverse Runtime inside enclave = 1.522 s
------------------------------------------------------------------------
------------------------------------------------------------------------
Host: LR Training Time= 270.753 s
Host: Communication Cost between Server and Enclave = : 0.563309 MB
-----------------------------------------------------------------------

