Dim=2 1000
------------------------------------------------------------------------
Enclave: Total Setup Time for HE inside enclave = 21.975 s
------------------------------------------------------------------------
Encrypting the data and labels...
------------------------------------------------------------------------
Host: Client Encryption Time = 8.03317 s
Host: Client Communication Cost = : 26.6243 MB
------------------------------------------------------------------------
------------------------------------------------------------------------
Enclave: Runtime of refreshing the ctxt inside enclave = 1.593 + 1.639 + 1.587 + 1.576 + 1.613 + 1.584 s = 9.592 s
------------------------------------------------------------------------
------------------------------------------------------------------------
Enclave: Matrix inverse runtime inside enclave = 0 ns
------------------------------------------------------------------------
Enclave: Runtime inside enclave = 1.425 s + 9.592 = 11.017
------------------------------------------------------------------------
------------------------------------------------------------------------
Host: RunTime in Host = 669.443 s - 9.592 = 659.851
------------------------------------------------------------------------
Host: LR Training Time= 670.869 s
------------------------------------------------------------------------
Host: Communication Cost between Server and Enclave = : 4.50697 MB
------------------------------------------------------------------------

Dim=4 1000
------------------------------------------------------------------------
Enclave: Total Setup Time for HE inside enclave = 22.073 s
------------------------------------------------------------------------
Encrypting the data and labels...
------------------------------------------------------------------------
Host: Client Encryption Time = 8.27055 s
Host: Client Communication Cost = : 26.6243 MB
------------------------------------------------------------------------
------------------------------------------------------------------------
Enclave: Runtime of refreshing the ctxt inside enclave = 1.604 + 1.671 + 1.662 + 1.661 + 1.705 + 1.657 s = 9.96 s
------------------------------------------------------------------------
------------------------------------------------------------------------
Enclave: Matrix inverse runtime inside enclave = 0 ns
------------------------------------------------------------------------
Enclave: Runtime inside enclave = 1.485 s + 9.96 = 11.445
------------------------------------------------------------------------
------------------------------------------------------------------------
Host: RunTime in Host = 675.469 s - 9.96 = 665.51
------------------------------------------------------------------------
Host: LR Training Time= 676.956 s
------------------------------------------------------------------------
Host: Communication Cost between Server and Enclave = : 4.50697 MB
------------------------------------------------------------------------

Dim=6 1000
------------------------------------------------------------------------
Enclave: Total Setup Time for HE inside enclave = 22.471 s
------------------------------------------------------------------------
Encrypting the data and labels...
------------------------------------------------------------------------
Host: Client Encryption Time = 8.51751 s
Host: Client Communication Cost = : 26.6243 MB
------------------------------------------------------------------------
------------------------------------------------------------------------
Enclave: Runtime of refreshing the ctxt inside enclave = 1.586 + 1.685 + 1.677 + 1.642 + 1.674 + 1.66 s = 9.924 s
------------------------------------------------------------------------
------------------------------------------------------------------------
Enclave: Matrix inverse runtime inside enclave = 0 ns
------------------------------------------------------------------------
Enclave: Runtime inside enclave = 1.456 s + 9.924 = 11.38
------------------------------------------------------------------------
------------------------------------------------------------------------
Host: RunTime in Host = 675.545 s - 9.924 = 665.621
------------------------------------------------------------------------
Host: LR Training Time= 677.003 s
------------------------------------------------------------------------
Host: Communication Cost between Server and Enclave = : 4.50697 MB
------------------------------------------------------------------------