dim=2 n=1000

------------------------------------------------------------------------
Enclave: Total Setup Time for HE inside enclave = 21.812 s
------------------------------------------------------------------------
Encrypting the data and labels...
------------------------------------------------------------------------
Host: Client Encryption Time = 8.26474 s
Host: Client Communication Cost = : 26.6243 MB
------------------------------------------------------------------------
------------------------------------------------------------------------
Enclave: Runtime of refreshing the ctxt inside enclave = 1.565 s
------------------------------------------------------------------------
------------------------------------------------------------------------
Enclave: Runtime of refreshing the ctxt inside enclave = 1.6 s
------------------------------------------------------------------------
------------------------------------------------------------------------
Enclave: Runtime of refreshing the ctxt inside enclave = 1.596 s
------------------------------------------------------------------------
------------------------------------------------------------------------
Enclave: Runtime of refreshing the ctxt inside enclave = 1.6 s
------------------------------------------------------------------------
------------------------------------------------------------------------
Enclave: Runtime of refreshing the ctxt inside enclave = 1.615 s
------------------------------------------------------------------------
------------------------------------------------------------------------
Enclave: Runtime of refreshing the ctxt inside enclave = 1.632 s
------------------------------------------------------------------------
------------------------------------------------------------------------
Enclave: Matrix inverse runtime inside enclave = 0 ms
------------------------------------------------------------------------
Enclave: Runtime inside enclave = 1.453 s
------------------------------------------------------------------------
------------------------------------------------------------------------
Host: RunTime in Host = 663.169 s
------------------------------------------------------------------------
Host: LR Training Time= 664.624 s
------------------------------------------------------------------------
Host: Communication Cost between Server and Enclave = : 4.64767 MB
------------------------------------------------------------------------


dim=4 n=1000

------------------------------------------------------------------------
Enclave: Total Setup Time for HE inside enclave = 21.638 s
------------------------------------------------------------------------
Encrypting the data and labels...
------------------------------------------------------------------------
Host: Client Encryption Time = 8.35675 s
Host: Client Communication Cost = : 26.6243 MB
------------------------------------------------------------------------
------------------------------------------------------------------------
Enclave: Runtime of refreshing the ctxt inside enclave = 1.604 s
------------------------------------------------------------------------
------------------------------------------------------------------------
Enclave: Runtime of refreshing the ctxt inside enclave = 1.637 s
------------------------------------------------------------------------
------------------------------------------------------------------------
Enclave: Runtime of refreshing the ctxt inside enclave = 1.651 s
------------------------------------------------------------------------
------------------------------------------------------------------------
Enclave: Runtime of refreshing the ctxt inside enclave = 1.668 s
------------------------------------------------------------------------
------------------------------------------------------------------------
Enclave: Runtime of refreshing the ctxt inside enclave = 1.647 s
------------------------------------------------------------------------
------------------------------------------------------------------------
Enclave: Runtime of refreshing the ctxt inside enclave = 1.621 s
------------------------------------------------------------------------
------------------------------------------------------------------------
Enclave: Matrix inverse runtime inside enclave = 0 ms
------------------------------------------------------------------------
Enclave: Runtime inside enclave = 1.494 s
------------------------------------------------------------------------
------------------------------------------------------------------------
Host: RunTime in Host = 664.529 s
------------------------------------------------------------------------
Host: LR Training Time= 666.024 s
------------------------------------------------------------------------
Host: Communication Cost between Server and Enclave = : 4.64767 MB
------------------------------------------------------------------------


dim=6 n=1000

------------------------------------------------------------------------
Enclave: Total Setup Time for HE inside enclave = 21.439 s
------------------------------------------------------------------------
Encrypting the data and labels...
------------------------------------------------------------------------
Host: Client Encryption Time = 8.29246 s
Host: Client Communication Cost = : 26.6243 MB
------------------------------------------------------------------------
------------------------------------------------------------------------
Enclave: Runtime of refreshing the ctxt inside enclave = 1.609 s
------------------------------------------------------------------------
------------------------------------------------------------------------
Enclave: Runtime of refreshing the ctxt inside enclave = 1.637 s
------------------------------------------------------------------------
------------------------------------------------------------------------
Enclave: Runtime of refreshing the ctxt inside enclave = 1.66 s
------------------------------------------------------------------------
------------------------------------------------------------------------
Enclave: Runtime of refreshing the ctxt inside enclave = 1.6 s
------------------------------------------------------------------------
------------------------------------------------------------------------
Enclave: Runtime of refreshing the ctxt inside enclave = 1.665 s
------------------------------------------------------------------------
------------------------------------------------------------------------
Enclave: Runtime of refreshing the ctxt inside enclave = 1.616 s
------------------------------------------------------------------------
------------------------------------------------------------------------
Enclave: Matrix inverse runtime inside enclave = 0 ms
------------------------------------------------------------------------
Enclave: Runtime inside enclave = 1.477 s
------------------------------------------------------------------------
------------------------------------------------------------------------
Host: RunTime in Host = 664.444 s
------------------------------------------------------------------------
Host: LR Training Time= 665.924 s
------------------------------------------------------------------------
Host: Communication Cost between Server and Enclave = : 4.64767 MB
------------------------------------------------------------------------


dim=8 n=1000

------------------------------------------------------------------------
Enclave: Total Setup Time for HE inside enclave = 22.476 s
------------------------------------------------------------------------
Encrypting the data and labels...
------------------------------------------------------------------------
Host: Client Encryption Time = 8.70811 s
Host: Client Communication Cost = : 26.6243 MB
------------------------------------------------------------------------
------------------------------------------------------------------------
Enclave: Runtime of refreshing the ctxt inside enclave = 1.555 s
------------------------------------------------------------------------
------------------------------------------------------------------------
Enclave: Runtime of refreshing the ctxt inside enclave = 1.612 s
------------------------------------------------------------------------
------------------------------------------------------------------------
Enclave: Runtime of refreshing the ctxt inside enclave = 1.617 s
------------------------------------------------------------------------
------------------------------------------------------------------------
Enclave: Runtime of refreshing the ctxt inside enclave = 1.652 s
------------------------------------------------------------------------
------------------------------------------------------------------------
Enclave: Runtime of refreshing the ctxt inside enclave = 1.649 s
------------------------------------------------------------------------
------------------------------------------------------------------------
Enclave: Runtime of refreshing the ctxt inside enclave = 1.622 s
------------------------------------------------------------------------
------------------------------------------------------------------------
Enclave: Matrix inverse runtime inside enclave = 0 ms
------------------------------------------------------------------------
Enclave: Runtime inside enclave = 1.481 s
------------------------------------------------------------------------
------------------------------------------------------------------------
Host: RunTime in Host = 666.594 s
------------------------------------------------------------------------
Host: LR Training Time= 668.078 s
------------------------------------------------------------------------
Host: Communication Cost between Server and Enclave = : 4.64767 MB
------------------------------------------------------------------------



dim=16 n=1000

------------------------------------------------------------------------
Enclave: Total Setup Time for HE inside enclave = 21.879 s
------------------------------------------------------------------------
Encrypting the data and labels...
------------------------------------------------------------------------
Host: Client Encryption Time = 9.52757 s
Host: Client Communication Cost = : 26.6243 MB
------------------------------------------------------------------------
------------------------------------------------------------------------
Enclave: Runtime of refreshing the ctxt inside enclave = 1.587 s 1.699 1.671 1.636 1.648 1.679 = 9.92
------------------------------------------------------------------------
------------------------------------------------------------------------
Enclave: Matrix inverse runtime inside enclave = 0 ms
------------------------------------------------------------------------
Enclave: Runtime inside enclave = 1.487 s + 9.92 = 11.407
------------------------------------------------------------------------
------------------------------------------------------------------------
Host: RunTime in Host = 664.14 s - 9.92 = 654.22
------------------------------------------------------------------------
Host: LR Training Time= 665.629 s
------------------------------------------------------------------------
Host: Communication Cost between Server and Enclave = : 4.64767 MB
------------------------------------------------------------------------


dim=32 n=1000

------------------------------------------------------------------------
Enclave: Total Setup Time for HE inside enclave = 40.542 s 40.498 
------------------------------------------------------------------------
Encrypting the data and labels...
------------------------------------------------------------------------
Host: Client Encryption Time = 4.27059 s 4.35043 42.76
Host: Client Communication Cost = : 48.0308 MB
------------------------------------------------------------------------
------------------------------------------------------------------------
Enclave: Matrix inverse runtime inside enclave = 2 ms 2 
------------------------------------------------------------------------
Enclave: Runtime inside enclave = 3.631 s 3.64 4.42081
------------------------------------------------------------------------
------------------------------------------------------------------------
Host: RunTime in Host = 292.915 s 293.815 293.463
------------------------------------------------------------------------
Host: LR Training Time= 296.554 s 297.463 297.15
------------------------------------------------------------------------
Host: Communication Cost between Server and Enclave = : 1.75104 MB
------------------------------------------------------------------------

dim=64 n=1000

------------------------------------------------------------------------
Enclave: Total Setup Time for HE inside enclave = 79.478 s 78.89 78.698
------------------------------------------------------------------------
Encrypting the data and labels...
------------------------------------------------------------------------
Host: Client Encryption Time = 2.48049 s 2.46741 2.47295
Host: Client Communication Cost = : 18.0135 MB
------------------------------------------------------------------------
------------------------------------------------------------------------
Enclave: Matrix inverse runtime inside enclave = 26 ms
------------------------------------------------------------------------
Enclave: Runtime inside enclave = 5.992 s 5.997 5.943
------------------------------------------------------------------------
------------------------------------------------------------------------
Host: RunTime in Host = 137.611 s 136.285 136.476
------------------------------------------------------------------------
Host: LR Training Time= 143.61 s 142.289 142.426
------------------------------------------------------------------------
Host: Communication Cost between Server and Enclave = : 1.37592 MB
------------------------------------------------------------------------

X: Matrix dimension; 
Y: Time (s)

Y1: Encryption time on DO
Y2: Runtime on CSP host
Y3: Runtime on enclave
Y4: Training time


X = [2, 4, 6, 8, 16, 32, 64] 
Y1 = [13.17, 13.87, 14.62, 14.07, 15.58, 10.29, 9.96]
Y2 = [270.11, 270.53, 274.15, 269.32, 268.84, 119.04, 64.84]
Y3 = [1.53, 1.55, 1.59, 1.53, 1.54, 3.59, 5.97]
Y4 = [271.65, 272.09, 275.75, 270.78, 270.98, 122.75, 70.81]