dim=2 n=1000

------------------------------------------------------------------------
Enclave: Total Setup Time for HE inside enclave = 23.057 s
------------------------------------------------------------------------
------------------------------------------------------------------------
Host: Client Encryption Time = 13.4809 s
Host: Client Communication Cost = : 159.746 MB
------------------------------------------------------------------------
------------------------------------------------------------------------
Enclave: Matrix Inverse Runtime inside enclave = 1.552 s
------------------------------------------------------------------------
------------------------------------------------------------------------
Host: LR Training Time= 280.602 s
Host: Communication Cost between Server and Enclave = : 0.563309 MB
------------------------------------------------------------------------

dim=4 n=1000

------------------------------------------------------------------------
Enclave: Total Setup Time for HE inside enclave = 22.439 s
------------------------------------------------------------------------
------------------------------------------------------------------------
Host: Client Encryption Time = 13.4316 s
Host: Client Communication Cost = : 159.746 MB
------------------------------------------------------------------------
------------------------------------------------------------------------
Enclave: Matrix Inverse Runtime inside enclave = 1.569 s
------------------------------------------------------------------------
------------------------------------------------------------------------
Host: LR Training Time= 281.164 s
Host: Communication Cost between Server and Enclave = : 0.563309 MB
------------------------------------------------------------------------

dim=6 n=1000

------------------------------------------------------------------------
Enclave: Total Setup Time for HE inside enclave = 22.842 s
------------------------------------------------------------------------
------------------------------------------------------------------------
Host: Client Encryption Time = 14.2343 s
Host: Client Communication Cost = : 159.746 MB
------------------------------------------------------------------------
------------------------------------------------------------------------
Enclave: Matrix Inverse Runtime inside enclave = 1.551 s
------------------------------------------------------------------------
------------------------------------------------------------------------
Host: LR Training Time= 275.166 s
Host: Communication Cost between Server and Enclave = : 0.563309 MB
------------------------------------------------------------------------

dim=8 n=1000

------------------------------------------------------------------------
Enclave: Total Setup Time for HE inside enclave = 21.907 s
------------------------------------------------------------------------
------------------------------------------------------------------------
Host: Client Encryption Time = 13.7576 s
Host: Client Communication Cost = : 159.746 MB
------------------------------------------------------------------------
------------------------------------------------------------------------
Enclave: Matrix Inverse Runtime inside enclave = 1.522 s
------------------------------------------------------------------------
------------------------------------------------------------------------
Host: LR Training Time= 270.753 s
Host: Communication Cost between Server and Enclave = : 0.563309 MB
-----------------------------------------------------------------------