The system is: Linux - 5.4.0-96-generic - x86_64
Compiling the C compiler identification source file "CMakeCCompilerId.c" succeeded.
Compiler: /usr/bin/clang-10 
Build flags: 
Id flags:  

The output was:
0


Compilation of the C compiler identification source "CMakeCCompilerId.c" produced "a.out"

The C compiler identification is Clang, found in "/home/dylan/mysamples/TEE-HE-PPML/CompareToHybrid/build/CMakeFiles/3.13.1/CompilerIdC/a.out"

Compiling the CXX compiler identification source file "CMakeCXXCompilerId.cpp" succeeded.
Compiler: /usr/bin/clang++-10 
Build flags: 
Id flags:  

The output was:
0


Compilation of the CXX compiler identification source "CMakeCXXCompilerId.cpp" produced "a.out"

The CXX compiler identification is Clang, found in "/home/dylan/mysamples/TEE-HE-PPML/CompareToHybrid/build/CMakeFiles/3.13.1/CompilerIdCXX/a.out"

Determining if the C compiler works passed with the following output:
Change Dir: /home/dylan/mysamples/TEE-HE-PPML/CompareToHybrid/build/CMakeFiles/CMakeTmp

Run Build Command:"/usr/bin/make" "cmTC_fd86b/fast"
/usr/bin/make -f CMakeFiles/cmTC_fd86b.dir/build.make CMakeFiles/cmTC_fd86b.dir/build
make[1]: 进入目录“/home/dylan/mysamples/TEE-HE-PPML/CompareToHybrid/build/CMakeFiles/CMakeTmp”
Building C object CMakeFiles/cmTC_fd86b.dir/testCCompiler.c.o
/usr/bin/clang-10    -o CMakeFiles/cmTC_fd86b.dir/testCCompiler.c.o   -c /home/dylan/mysamples/TEE-HE-PPML/CompareToHybrid/build/CMakeFiles/CMakeTmp/testCCompiler.c
Linking C executable cmTC_fd86b
/usr/local/cmake-3.13.1-Linux-x86_64/bin/cmake -E cmake_link_script CMakeFiles/cmTC_fd86b.dir/link.txt --verbose=1
/usr/bin/clang-10      CMakeFiles/cmTC_fd86b.dir/testCCompiler.c.o  -o cmTC_fd86b 
make[1]: 离开目录“/home/dylan/mysamples/TEE-HE-PPML/CompareToHybrid/build/CMakeFiles/CMakeTmp”


Detecting C compiler ABI info compiled with the following output:
Change Dir: /home/dylan/mysamples/TEE-HE-PPML/CompareToHybrid/build/CMakeFiles/CMakeTmp

Run Build Command:"/usr/bin/make" "cmTC_98380/fast"
/usr/bin/make -f CMakeFiles/cmTC_98380.dir/build.make CMakeFiles/cmTC_98380.dir/build
make[1]: 进入目录“/home/dylan/mysamples/TEE-HE-PPML/CompareToHybrid/build/CMakeFiles/CMakeTmp”
Building C object CMakeFiles/cmTC_98380.dir/CMakeCCompilerABI.c.o
/usr/bin/clang-10    -o CMakeFiles/cmTC_98380.dir/CMakeCCompilerABI.c.o   -c /usr/local/cmake-3.13.1-Linux-x86_64/share/cmake-3.13/Modules/CMakeCCompilerABI.c
Linking C executable cmTC_98380
/usr/local/cmake-3.13.1-Linux-x86_64/bin/cmake -E cmake_link_script CMakeFiles/cmTC_98380.dir/link.txt --verbose=1
/usr/bin/clang-10     -v CMakeFiles/cmTC_98380.dir/CMakeCCompilerABI.c.o  -o cmTC_98380 
Ubuntu clang version 10.0.1-++20210405103842+ef32c611aa21-1~exp1~20210405084441.211
Target: x86_64-pc-linux-gnu
Thread model: posix
InstalledDir: /usr/bin
Found candidate GCC installation: /usr/bin/../lib/gcc/i686-linux-gnu/8
Found candidate GCC installation: /usr/bin/../lib/gcc/x86_64-linux-gnu/6
Found candidate GCC installation: /usr/bin/../lib/gcc/x86_64-linux-gnu/6.5.0
Found candidate GCC installation: /usr/bin/../lib/gcc/x86_64-linux-gnu/7
Found candidate GCC installation: /usr/bin/../lib/gcc/x86_64-linux-gnu/7.5.0
Found candidate GCC installation: /usr/bin/../lib/gcc/x86_64-linux-gnu/8
Found candidate GCC installation: /usr/lib/gcc/i686-linux-gnu/8
Found candidate GCC installation: /usr/lib/gcc/x86_64-linux-gnu/6
Found candidate GCC installation: /usr/lib/gcc/x86_64-linux-gnu/6.5.0
Found candidate GCC installation: /usr/lib/gcc/x86_64-linux-gnu/7
Found candidate GCC installation: /usr/lib/gcc/x86_64-linux-gnu/7.5.0
Found candidate GCC installation: /usr/lib/gcc/x86_64-linux-gnu/8
Selected GCC installation: /usr/bin/../lib/gcc/x86_64-linux-gnu/7.5.0
Candidate multilib: .;@m64
Selected multilib: .;@m64
Found CUDA installation: /usr/lib/cuda, version 9.1
 "/usr/bin/ld" -z relro --hash-style=gnu --build-id --eh-frame-hdr -m elf_x86_64 -dynamic-linker /lib64/ld-linux-x86-64.so.2 -o cmTC_98380 /usr/bin/../lib/gcc/x86_64-linux-gnu/7.5.0/../../../x86_64-linux-gnu/crt1.o /usr/bin/../lib/gcc/x86_64-linux-gnu/7.5.0/../../../x86_64-linux-gnu/crti.o /usr/bin/../lib/gcc/x86_64-linux-gnu/7.5.0/crtbegin.o -L/usr/bin/../lib/gcc/x86_64-linux-gnu/7.5.0 -L/usr/bin/../lib/gcc/x86_64-linux-gnu/7.5.0/../../../x86_64-linux-gnu -L/lib/x86_64-linux-gnu -L/lib/../lib64 -L/usr/lib/x86_64-linux-gnu -L/usr/bin/../lib/gcc/x86_64-linux-gnu/7.5.0/../../.. -L/usr/lib/llvm-10/bin/../lib -L/lib -L/usr/lib CMakeFiles/cmTC_98380.dir/CMakeCCompilerABI.c.o -lgcc --as-needed -lgcc_s --no-as-needed -lc -lgcc --as-needed -lgcc_s --no-as-needed /usr/bin/../lib/gcc/x86_64-linux-gnu/7.5.0/crtend.o /usr/bin/../lib/gcc/x86_64-linux-gnu/7.5.0/../../../x86_64-linux-gnu/crtn.o
make[1]: 离开目录“/home/dylan/mysamples/TEE-HE-PPML/CompareToHybrid/build/CMakeFiles/CMakeTmp”


Parsed C implicit link information from above output:
  link line regex: [^( *|.*[/\])(ld|CMAKE_LINK_STARTFILE-NOTFOUND|([^/\]+-)?ld|collect2)[^/\]*( |$)]
  ignore line: [Change Dir: /home/dylan/mysamples/TEE-HE-PPML/CompareToHybrid/build/CMakeFiles/CMakeTmp]
  ignore line: []
  ignore line: [Run Build Command:"/usr/bin/make" "cmTC_98380/fast"]
  ignore line: [/usr/bin/make -f CMakeFiles/cmTC_98380.dir/build.make CMakeFiles/cmTC_98380.dir/build]
  ignore line: [make[1]: 进入目录“/home/dylan/mysamples/TEE-HE-PPML/CompareToHybrid/build/CMakeFiles/CMakeTmp”]
  ignore line: [Building C object CMakeFiles/cmTC_98380.dir/CMakeCCompilerABI.c.o]
  ignore line: [/usr/bin/clang-10    -o CMakeFiles/cmTC_98380.dir/CMakeCCompilerABI.c.o   -c /usr/local/cmake-3.13.1-Linux-x86_64/share/cmake-3.13/Modules/CMakeCCompilerABI.c]
  ignore line: [Linking C executable cmTC_98380]
  ignore line: [/usr/local/cmake-3.13.1-Linux-x86_64/bin/cmake -E cmake_link_script CMakeFiles/cmTC_98380.dir/link.txt --verbose=1]
  ignore line: [/usr/bin/clang-10     -v CMakeFiles/cmTC_98380.dir/CMakeCCompilerABI.c.o  -o cmTC_98380 ]
  ignore line: [Ubuntu clang version 10.0.1-++20210405103842+ef32c611aa21-1~exp1~20210405084441.211]
  ignore line: [Target: x86_64-pc-linux-gnu]
  ignore line: [Thread model: posix]
  ignore line: [InstalledDir: /usr/bin]
  ignore line: [Found candidate GCC installation: /usr/bin/../lib/gcc/i686-linux-gnu/8]
  ignore line: [Found candidate GCC installation: /usr/bin/../lib/gcc/x86_64-linux-gnu/6]
  ignore line: [Found candidate GCC installation: /usr/bin/../lib/gcc/x86_64-linux-gnu/6.5.0]
  ignore line: [Found candidate GCC installation: /usr/bin/../lib/gcc/x86_64-linux-gnu/7]
  ignore line: [Found candidate GCC installation: /usr/bin/../lib/gcc/x86_64-linux-gnu/7.5.0]
  ignore line: [Found candidate GCC installation: /usr/bin/../lib/gcc/x86_64-linux-gnu/8]
  ignore line: [Found candidate GCC installation: /usr/lib/gcc/i686-linux-gnu/8]
  ignore line: [Found candidate GCC installation: /usr/lib/gcc/x86_64-linux-gnu/6]
  ignore line: [Found candidate GCC installation: /usr/lib/gcc/x86_64-linux-gnu/6.5.0]
  ignore line: [Found candidate GCC installation: /usr/lib/gcc/x86_64-linux-gnu/7]
  ignore line: [Found candidate GCC installation: /usr/lib/gcc/x86_64-linux-gnu/7.5.0]
  ignore line: [Found candidate GCC installation: /usr/lib/gcc/x86_64-linux-gnu/8]
  ignore line: [Selected GCC installation: /usr/bin/../lib/gcc/x86_64-linux-gnu/7.5.0]
  ignore line: [Candidate multilib: .]
  ignore line: [@m64]
  ignore line: [Selected multilib: .]
  ignore line: [@m64]
  ignore line: [Found CUDA installation: /usr/lib/cuda, version 9.1]
  link line: [ "/usr/bin/ld" -z relro --hash-style=gnu --build-id --eh-frame-hdr -m elf_x86_64 -dynamic-linker /lib64/ld-linux-x86-64.so.2 -o cmTC_98380 /usr/bin/../lib/gcc/x86_64-linux-gnu/7.5.0/../../../x86_64-linux-gnu/crt1.o /usr/bin/../lib/gcc/x86_64-linux-gnu/7.5.0/../../../x86_64-linux-gnu/crti.o /usr/bin/../lib/gcc/x86_64-linux-gnu/7.5.0/crtbegin.o -L/usr/bin/../lib/gcc/x86_64-linux-gnu/7.5.0 -L/usr/bin/../lib/gcc/x86_64-linux-gnu/7.5.0/../../../x86_64-linux-gnu -L/lib/x86_64-linux-gnu -L/lib/../lib64 -L/usr/lib/x86_64-linux-gnu -L/usr/bin/../lib/gcc/x86_64-linux-gnu/7.5.0/../../.. -L/usr/lib/llvm-10/bin/../lib -L/lib -L/usr/lib CMakeFiles/cmTC_98380.dir/CMakeCCompilerABI.c.o -lgcc --as-needed -lgcc_s --no-as-needed -lc -lgcc --as-needed -lgcc_s --no-as-needed /usr/bin/../lib/gcc/x86_64-linux-gnu/7.5.0/crtend.o /usr/bin/../lib/gcc/x86_64-linux-gnu/7.5.0/../../../x86_64-linux-gnu/crtn.o]
    arg [/usr/bin/ld] ==> ignore
    arg [-zrelro] ==> ignore
    arg [--hash-style=gnu] ==> ignore
    arg [--build-id] ==> ignore
    arg [--eh-frame-hdr] ==> ignore
    arg [-m] ==> ignore
    arg [elf_x86_64] ==> ignore
    arg [-dynamic-linker] ==> ignore
    arg [/lib64/ld-linux-x86-64.so.2] ==> ignore
    arg [-o] ==> ignore
    arg [cmTC_98380] ==> ignore
    arg [/usr/bin/../lib/gcc/x86_64-linux-gnu/7.5.0/../../../x86_64-linux-gnu/crt1.o] ==> ignore
    arg [/usr/bin/../lib/gcc/x86_64-linux-gnu/7.5.0/../../../x86_64-linux-gnu/crti.o] ==> ignore
    arg [/usr/bin/../lib/gcc/x86_64-linux-gnu/7.5.0/crtbegin.o] ==> ignore
    arg [-L/usr/bin/../lib/gcc/x86_64-linux-gnu/7.5.0] ==> dir [/usr/bin/../lib/gcc/x86_64-linux-gnu/7.5.0]
    arg [-L/usr/bin/../lib/gcc/x86_64-linux-gnu/7.5.0/../../../x86_64-linux-gnu] ==> dir [/usr/bin/../lib/gcc/x86_64-linux-gnu/7.5.0/../../../x86_64-linux-gnu]
    arg [-L/lib/x86_64-linux-gnu] ==> dir [/lib/x86_64-linux-gnu]
    arg [-L/lib/../lib64] ==> dir [/lib/../lib64]
    arg [-L/usr/lib/x86_64-linux-gnu] ==> dir [/usr/lib/x86_64-linux-gnu]
    arg [-L/usr/bin/../lib/gcc/x86_64-linux-gnu/7.5.0/../../..] ==> dir [/usr/bin/../lib/gcc/x86_64-linux-gnu/7.5.0/../../..]
    arg [-L/usr/lib/llvm-10/bin/../lib] ==> dir [/usr/lib/llvm-10/bin/../lib]
    arg [-L/lib] ==> dir [/lib]
    arg [-L/usr/lib] ==> dir [/usr/lib]
    arg [CMakeFiles/cmTC_98380.dir/CMakeCCompilerABI.c.o] ==> ignore
    arg [-lgcc] ==> lib [gcc]
    arg [--as-needed] ==> ignore
    arg [-lgcc_s] ==> lib [gcc_s]
    arg [--no-as-needed] ==> ignore
    arg [-lc] ==> lib [c]
    arg [-lgcc] ==> lib [gcc]
    arg [--as-needed] ==> ignore
    arg [-lgcc_s] ==> lib [gcc_s]
    arg [--no-as-needed] ==> ignore
    arg [/usr/bin/../lib/gcc/x86_64-linux-gnu/7.5.0/crtend.o] ==> ignore
    arg [/usr/bin/../lib/gcc/x86_64-linux-gnu/7.5.0/../../../x86_64-linux-gnu/crtn.o] ==> ignore
  collapse library dir [/usr/bin/../lib/gcc/x86_64-linux-gnu/7.5.0] ==> [/usr/lib/gcc/x86_64-linux-gnu/7.5.0]
  collapse library dir [/usr/bin/../lib/gcc/x86_64-linux-gnu/7.5.0/../../../x86_64-linux-gnu] ==> [/usr/lib/x86_64-linux-gnu]
  collapse library dir [/lib/x86_64-linux-gnu] ==> [/lib/x86_64-linux-gnu]
  collapse library dir [/lib/../lib64] ==> [/lib64]
  collapse library dir [/usr/lib/x86_64-linux-gnu] ==> [/usr/lib/x86_64-linux-gnu]
  collapse library dir [/usr/bin/../lib/gcc/x86_64-linux-gnu/7.5.0/../../..] ==> [/usr/lib]
  collapse library dir [/usr/lib/llvm-10/bin/../lib] ==> [/usr/lib/llvm-10/lib]
  collapse library dir [/lib] ==> [/lib]
  collapse library dir [/usr/lib] ==> [/usr/lib]
  implicit libs: [gcc;gcc_s;c;gcc;gcc_s]
  implicit dirs: [/usr/lib/gcc/x86_64-linux-gnu/7.5.0;/usr/lib/x86_64-linux-gnu;/lib/x86_64-linux-gnu;/lib64;/usr/lib;/usr/lib/llvm-10/lib;/lib]
  implicit fwks: []




Detecting C [-std=c11] compiler features compiled with the following output:
Change Dir: /home/dylan/mysamples/TEE-HE-PPML/CompareToHybrid/build/CMakeFiles/CMakeTmp

Run Build Command:"/usr/bin/make" "cmTC_dfb04/fast"
/usr/bin/make -f CMakeFiles/cmTC_dfb04.dir/build.make CMakeFiles/cmTC_dfb04.dir/build
make[1]: 进入目录“/home/dylan/mysamples/TEE-HE-PPML/CompareToHybrid/build/CMakeFiles/CMakeTmp”
Building C object CMakeFiles/cmTC_dfb04.dir/feature_tests.c.o
/usr/bin/clang-10   -std=c11 -o CMakeFiles/cmTC_dfb04.dir/feature_tests.c.o   -c /home/dylan/mysamples/TEE-HE-PPML/CompareToHybrid/build/CMakeFiles/feature_tests.c
Linking C executable cmTC_dfb04
/usr/local/cmake-3.13.1-Linux-x86_64/bin/cmake -E cmake_link_script CMakeFiles/cmTC_dfb04.dir/link.txt --verbose=1
/usr/bin/clang-10      CMakeFiles/cmTC_dfb04.dir/feature_tests.c.o  -o cmTC_dfb04 
make[1]: 离开目录“/home/dylan/mysamples/TEE-HE-PPML/CompareToHybrid/build/CMakeFiles/CMakeTmp”


    Feature record: C_FEATURE:1c_function_prototypes
    Feature record: C_FEATURE:1c_restrict
    Feature record: C_FEATURE:1c_static_assert
    Feature record: C_FEATURE:1c_variadic_macros


Detecting C [-std=c99] compiler features compiled with the following output:
Change Dir: /home/dylan/mysamples/TEE-HE-PPML/CompareToHybrid/build/CMakeFiles/CMakeTmp

Run Build Command:"/usr/bin/make" "cmTC_c6bea/fast"
/usr/bin/make -f CMakeFiles/cmTC_c6bea.dir/build.make CMakeFiles/cmTC_c6bea.dir/build
make[1]: 进入目录“/home/dylan/mysamples/TEE-HE-PPML/CompareToHybrid/build/CMakeFiles/CMakeTmp”
Building C object CMakeFiles/cmTC_c6bea.dir/feature_tests.c.o
/usr/bin/clang-10   -std=c99 -o CMakeFiles/cmTC_c6bea.dir/feature_tests.c.o   -c /home/dylan/mysamples/TEE-HE-PPML/CompareToHybrid/build/CMakeFiles/feature_tests.c
Linking C executable cmTC_c6bea
/usr/local/cmake-3.13.1-Linux-x86_64/bin/cmake -E cmake_link_script CMakeFiles/cmTC_c6bea.dir/link.txt --verbose=1
/usr/bin/clang-10      CMakeFiles/cmTC_c6bea.dir/feature_tests.c.o  -o cmTC_c6bea 
make[1]: 离开目录“/home/dylan/mysamples/TEE-HE-PPML/CompareToHybrid/build/CMakeFiles/CMakeTmp”


    Feature record: C_FEATURE:1c_function_prototypes
    Feature record: C_FEATURE:1c_restrict
    Feature record: C_FEATURE:0c_static_assert
    Feature record: C_FEATURE:1c_variadic_macros


Detecting C [-std=c90] compiler features compiled with the following output:
Change Dir: /home/dylan/mysamples/TEE-HE-PPML/CompareToHybrid/build/CMakeFiles/CMakeTmp

Run Build Command:"/usr/bin/make" "cmTC_68b2c/fast"
/usr/bin/make -f CMakeFiles/cmTC_68b2c.dir/build.make CMakeFiles/cmTC_68b2c.dir/build
make[1]: 进入目录“/home/dylan/mysamples/TEE-HE-PPML/CompareToHybrid/build/CMakeFiles/CMakeTmp”
Building C object CMakeFiles/cmTC_68b2c.dir/feature_tests.c.o
/usr/bin/clang-10   -std=c90 -o CMakeFiles/cmTC_68b2c.dir/feature_tests.c.o   -c /home/dylan/mysamples/TEE-HE-PPML/CompareToHybrid/build/CMakeFiles/feature_tests.c
Linking C executable cmTC_68b2c
/usr/local/cmake-3.13.1-Linux-x86_64/bin/cmake -E cmake_link_script CMakeFiles/cmTC_68b2c.dir/link.txt --verbose=1
/usr/bin/clang-10      CMakeFiles/cmTC_68b2c.dir/feature_tests.c.o  -o cmTC_68b2c 
make[1]: 离开目录“/home/dylan/mysamples/TEE-HE-PPML/CompareToHybrid/build/CMakeFiles/CMakeTmp”


    Feature record: C_FEATURE:1c_function_prototypes
    Feature record: C_FEATURE:0c_restrict
    Feature record: C_FEATURE:0c_static_assert
    Feature record: C_FEATURE:0c_variadic_macros
Determining if the CXX compiler works passed with the following output:
Change Dir: /home/dylan/mysamples/TEE-HE-PPML/CompareToHybrid/build/CMakeFiles/CMakeTmp

Run Build Command:"/usr/bin/make" "cmTC_02656/fast"
/usr/bin/make -f CMakeFiles/cmTC_02656.dir/build.make CMakeFiles/cmTC_02656.dir/build
make[1]: 进入目录“/home/dylan/mysamples/TEE-HE-PPML/CompareToHybrid/build/CMakeFiles/CMakeTmp”
Building CXX object CMakeFiles/cmTC_02656.dir/testCXXCompiler.cxx.o
/usr/bin/clang++-10     -o CMakeFiles/cmTC_02656.dir/testCXXCompiler.cxx.o -c /home/dylan/mysamples/TEE-HE-PPML/CompareToHybrid/build/CMakeFiles/CMakeTmp/testCXXCompiler.cxx
Linking CXX executable cmTC_02656
/usr/local/cmake-3.13.1-Linux-x86_64/bin/cmake -E cmake_link_script CMakeFiles/cmTC_02656.dir/link.txt --verbose=1
/usr/bin/clang++-10       CMakeFiles/cmTC_02656.dir/testCXXCompiler.cxx.o  -o cmTC_02656 
make[1]: 离开目录“/home/dylan/mysamples/TEE-HE-PPML/CompareToHybrid/build/CMakeFiles/CMakeTmp”


Detecting CXX compiler ABI info compiled with the following output:
Change Dir: /home/dylan/mysamples/TEE-HE-PPML/CompareToHybrid/build/CMakeFiles/CMakeTmp

Run Build Command:"/usr/bin/make" "cmTC_44bc9/fast"
/usr/bin/make -f CMakeFiles/cmTC_44bc9.dir/build.make CMakeFiles/cmTC_44bc9.dir/build
make[1]: 进入目录“/home/dylan/mysamples/TEE-HE-PPML/CompareToHybrid/build/CMakeFiles/CMakeTmp”
Building CXX object CMakeFiles/cmTC_44bc9.dir/CMakeCXXCompilerABI.cpp.o
/usr/bin/clang++-10     -o CMakeFiles/cmTC_44bc9.dir/CMakeCXXCompilerABI.cpp.o -c /usr/local/cmake-3.13.1-Linux-x86_64/share/cmake-3.13/Modules/CMakeCXXCompilerABI.cpp
Linking CXX executable cmTC_44bc9
/usr/local/cmake-3.13.1-Linux-x86_64/bin/cmake -E cmake_link_script CMakeFiles/cmTC_44bc9.dir/link.txt --verbose=1
/usr/bin/clang++-10      -v CMakeFiles/cmTC_44bc9.dir/CMakeCXXCompilerABI.cpp.o  -o cmTC_44bc9 
Ubuntu clang version 10.0.1-++20210405103842+ef32c611aa21-1~exp1~20210405084441.211
Target: x86_64-pc-linux-gnu
Thread model: posix
InstalledDir: /usr/bin
Found candidate GCC installation: /usr/bin/../lib/gcc/i686-linux-gnu/8
Found candidate GCC installation: /usr/bin/../lib/gcc/x86_64-linux-gnu/6
Found candidate GCC installation: /usr/bin/../lib/gcc/x86_64-linux-gnu/6.5.0
Found candidate GCC installation: /usr/bin/../lib/gcc/x86_64-linux-gnu/7
Found candidate GCC installation: /usr/bin/../lib/gcc/x86_64-linux-gnu/7.5.0
Found candidate GCC installation: /usr/bin/../lib/gcc/x86_64-linux-gnu/8
Found candidate GCC installation: /usr/lib/gcc/i686-linux-gnu/8
Found candidate GCC installation: /usr/lib/gcc/x86_64-linux-gnu/6
Found candidate GCC installation: /usr/lib/gcc/x86_64-linux-gnu/6.5.0
Found candidate GCC installation: /usr/lib/gcc/x86_64-linux-gnu/7
Found candidate GCC installation: /usr/lib/gcc/x86_64-linux-gnu/7.5.0
Found candidate GCC installation: /usr/lib/gcc/x86_64-linux-gnu/8
Selected GCC installation: /usr/bin/../lib/gcc/x86_64-linux-gnu/7.5.0
Candidate multilib: .;@m64
Selected multilib: .;@m64
Found CUDA installation: /usr/lib/cuda, version 9.1
 "/usr/bin/ld" -z relro --hash-style=gnu --build-id --eh-frame-hdr -m elf_x86_64 -dynamic-linker /lib64/ld-linux-x86-64.so.2 -o cmTC_44bc9 /usr/bin/../lib/gcc/x86_64-linux-gnu/7.5.0/../../../x86_64-linux-gnu/crt1.o /usr/bin/../lib/gcc/x86_64-linux-gnu/7.5.0/../../../x86_64-linux-gnu/crti.o /usr/bin/../lib/gcc/x86_64-linux-gnu/7.5.0/crtbegin.o -L/usr/bin/../lib/gcc/x86_64-linux-gnu/7.5.0 -L/usr/bin/../lib/gcc/x86_64-linux-gnu/7.5.0/../../../x86_64-linux-gnu -L/lib/x86_64-linux-gnu -L/lib/../lib64 -L/usr/lib/x86_64-linux-gnu -L/usr/bin/../lib/gcc/x86_64-linux-gnu/7.5.0/../../.. -L/usr/lib/llvm-10/bin/../lib -L/lib -L/usr/lib CMakeFiles/cmTC_44bc9.dir/CMakeCXXCompilerABI.cpp.o -lstdc++ -lm -lgcc_s -lgcc -lc -lgcc_s -lgcc /usr/bin/../lib/gcc/x86_64-linux-gnu/7.5.0/crtend.o /usr/bin/../lib/gcc/x86_64-linux-gnu/7.5.0/../../../x86_64-linux-gnu/crtn.o
make[1]: 离开目录“/home/dylan/mysamples/TEE-HE-PPML/CompareToHybrid/build/CMakeFiles/CMakeTmp”


Parsed CXX implicit link information from above output:
  link line regex: [^( *|.*[/\])(ld|CMAKE_LINK_STARTFILE-NOTFOUND|([^/\]+-)?ld|collect2)[^/\]*( |$)]
  ignore line: [Change Dir: /home/dylan/mysamples/TEE-HE-PPML/CompareToHybrid/build/CMakeFiles/CMakeTmp]
  ignore line: []
  ignore line: [Run Build Command:"/usr/bin/make" "cmTC_44bc9/fast"]
  ignore line: [/usr/bin/make -f CMakeFiles/cmTC_44bc9.dir/build.make CMakeFiles/cmTC_44bc9.dir/build]
  ignore line: [make[1]: 进入目录“/home/dylan/mysamples/TEE-HE-PPML/CompareToHybrid/build/CMakeFiles/CMakeTmp”]
  ignore line: [Building CXX object CMakeFiles/cmTC_44bc9.dir/CMakeCXXCompilerABI.cpp.o]
  ignore line: [/usr/bin/clang++-10     -o CMakeFiles/cmTC_44bc9.dir/CMakeCXXCompilerABI.cpp.o -c /usr/local/cmake-3.13.1-Linux-x86_64/share/cmake-3.13/Modules/CMakeCXXCompilerABI.cpp]
  ignore line: [Linking CXX executable cmTC_44bc9]
  ignore line: [/usr/local/cmake-3.13.1-Linux-x86_64/bin/cmake -E cmake_link_script CMakeFiles/cmTC_44bc9.dir/link.txt --verbose=1]
  ignore line: [/usr/bin/clang++-10      -v CMakeFiles/cmTC_44bc9.dir/CMakeCXXCompilerABI.cpp.o  -o cmTC_44bc9 ]
  ignore line: [Ubuntu clang version 10.0.1-++20210405103842+ef32c611aa21-1~exp1~20210405084441.211]
  ignore line: [Target: x86_64-pc-linux-gnu]
  ignore line: [Thread model: posix]
  ignore line: [InstalledDir: /usr/bin]
  ignore line: [Found candidate GCC installation: /usr/bin/../lib/gcc/i686-linux-gnu/8]
  ignore line: [Found candidate GCC installation: /usr/bin/../lib/gcc/x86_64-linux-gnu/6]
  ignore line: [Found candidate GCC installation: /usr/bin/../lib/gcc/x86_64-linux-gnu/6.5.0]
  ignore line: [Found candidate GCC installation: /usr/bin/../lib/gcc/x86_64-linux-gnu/7]
  ignore line: [Found candidate GCC installation: /usr/bin/../lib/gcc/x86_64-linux-gnu/7.5.0]
  ignore line: [Found candidate GCC installation: /usr/bin/../lib/gcc/x86_64-linux-gnu/8]
  ignore line: [Found candidate GCC installation: /usr/lib/gcc/i686-linux-gnu/8]
  ignore line: [Found candidate GCC installation: /usr/lib/gcc/x86_64-linux-gnu/6]
  ignore line: [Found candidate GCC installation: /usr/lib/gcc/x86_64-linux-gnu/6.5.0]
  ignore line: [Found candidate GCC installation: /usr/lib/gcc/x86_64-linux-gnu/7]
  ignore line: [Found candidate GCC installation: /usr/lib/gcc/x86_64-linux-gnu/7.5.0]
  ignore line: [Found candidate GCC installation: /usr/lib/gcc/x86_64-linux-gnu/8]
  ignore line: [Selected GCC installation: /usr/bin/../lib/gcc/x86_64-linux-gnu/7.5.0]
  ignore line: [Candidate multilib: .]
  ignore line: [@m64]
  ignore line: [Selected multilib: .]
  ignore line: [@m64]
  ignore line: [Found CUDA installation: /usr/lib/cuda, version 9.1]
  link line: [ "/usr/bin/ld" -z relro --hash-style=gnu --build-id --eh-frame-hdr -m elf_x86_64 -dynamic-linker /lib64/ld-linux-x86-64.so.2 -o cmTC_44bc9 /usr/bin/../lib/gcc/x86_64-linux-gnu/7.5.0/../../../x86_64-linux-gnu/crt1.o /usr/bin/../lib/gcc/x86_64-linux-gnu/7.5.0/../../../x86_64-linux-gnu/crti.o /usr/bin/../lib/gcc/x86_64-linux-gnu/7.5.0/crtbegin.o -L/usr/bin/../lib/gcc/x86_64-linux-gnu/7.5.0 -L/usr/bin/../lib/gcc/x86_64-linux-gnu/7.5.0/../../../x86_64-linux-gnu -L/lib/x86_64-linux-gnu -L/lib/../lib64 -L/usr/lib/x86_64-linux-gnu -L/usr/bin/../lib/gcc/x86_64-linux-gnu/7.5.0/../../.. -L/usr/lib/llvm-10/bin/../lib -L/lib -L/usr/lib CMakeFiles/cmTC_44bc9.dir/CMakeCXXCompilerABI.cpp.o -lstdc++ -lm -lgcc_s -lgcc -lc -lgcc_s -lgcc /usr/bin/../lib/gcc/x86_64-linux-gnu/7.5.0/crtend.o /usr/bin/../lib/gcc/x86_64-linux-gnu/7.5.0/../../../x86_64-linux-gnu/crtn.o]
    arg [/usr/bin/ld] ==> ignore
    arg [-zrelro] ==> ignore
    arg [--hash-style=gnu] ==> ignore
    arg [--build-id] ==> ignore
    arg [--eh-frame-hdr] ==> ignore
    arg [-m] ==> ignore
    arg [elf_x86_64] ==> ignore
    arg [-dynamic-linker] ==> ignore
    arg [/lib64/ld-linux-x86-64.so.2] ==> ignore
    arg [-o] ==> ignore
    arg [cmTC_44bc9] ==> ignore
    arg [/usr/bin/../lib/gcc/x86_64-linux-gnu/7.5.0/../../../x86_64-linux-gnu/crt1.o] ==> ignore
    arg [/usr/bin/../lib/gcc/x86_64-linux-gnu/7.5.0/../../../x86_64-linux-gnu/crti.o] ==> ignore
    arg [/usr/bin/../lib/gcc/x86_64-linux-gnu/7.5.0/crtbegin.o] ==> ignore
    arg [-L/usr/bin/../lib/gcc/x86_64-linux-gnu/7.5.0] ==> dir [/usr/bin/../lib/gcc/x86_64-linux-gnu/7.5.0]
    arg [-L/usr/bin/../lib/gcc/x86_64-linux-gnu/7.5.0/../../../x86_64-linux-gnu] ==> dir [/usr/bin/../lib/gcc/x86_64-linux-gnu/7.5.0/../../../x86_64-linux-gnu]
    arg [-L/lib/x86_64-linux-gnu] ==> dir [/lib/x86_64-linux-gnu]
    arg [-L/lib/../lib64] ==> dir [/lib/../lib64]
    arg [-L/usr/lib/x86_64-linux-gnu] ==> dir [/usr/lib/x86_64-linux-gnu]
    arg [-L/usr/bin/../lib/gcc/x86_64-linux-gnu/7.5.0/../../..] ==> dir [/usr/bin/../lib/gcc/x86_64-linux-gnu/7.5.0/../../..]
    arg [-L/usr/lib/llvm-10/bin/../lib] ==> dir [/usr/lib/llvm-10/bin/../lib]
    arg [-L/lib] ==> dir [/lib]
    arg [-L/usr/lib] ==> dir [/usr/lib]
    arg [CMakeFiles/cmTC_44bc9.dir/CMakeCXXCompilerABI.cpp.o] ==> ignore
    arg [-lstdc++] ==> lib [stdc++]
    arg [-lm] ==> lib [m]
    arg [-lgcc_s] ==> lib [gcc_s]
    arg [-lgcc] ==> lib [gcc]
    arg [-lc] ==> lib [c]
    arg [-lgcc_s] ==> lib [gcc_s]
    arg [-lgcc] ==> lib [gcc]
    arg [/usr/bin/../lib/gcc/x86_64-linux-gnu/7.5.0/crtend.o] ==> ignore
    arg [/usr/bin/../lib/gcc/x86_64-linux-gnu/7.5.0/../../../x86_64-linux-gnu/crtn.o] ==> ignore
  collapse library dir [/usr/bin/../lib/gcc/x86_64-linux-gnu/7.5.0] ==> [/usr/lib/gcc/x86_64-linux-gnu/7.5.0]
  collapse library dir [/usr/bin/../lib/gcc/x86_64-linux-gnu/7.5.0/../../../x86_64-linux-gnu] ==> [/usr/lib/x86_64-linux-gnu]
  collapse library dir [/lib/x86_64-linux-gnu] ==> [/lib/x86_64-linux-gnu]
  collapse library dir [/lib/../lib64] ==> [/lib64]
  collapse library dir [/usr/lib/x86_64-linux-gnu] ==> [/usr/lib/x86_64-linux-gnu]
  collapse library dir [/usr/bin/../lib/gcc/x86_64-linux-gnu/7.5.0/../../..] ==> [/usr/lib]
  collapse library dir [/usr/lib/llvm-10/bin/../lib] ==> [/usr/lib/llvm-10/lib]
  collapse library dir [/lib] ==> [/lib]
  collapse library dir [/usr/lib] ==> [/usr/lib]
  implicit libs: [stdc++;m;gcc_s;gcc;c;gcc_s;gcc]
  implicit dirs: [/usr/lib/gcc/x86_64-linux-gnu/7.5.0;/usr/lib/x86_64-linux-gnu;/lib/x86_64-linux-gnu;/lib64;/usr/lib;/usr/lib/llvm-10/lib;/lib]
  implicit fwks: []




Detecting CXX [-std=c++2a] compiler features compiled with the following output:
Change Dir: /home/dylan/mysamples/TEE-HE-PPML/CompareToHybrid/build/CMakeFiles/CMakeTmp

Run Build Command:"/usr/bin/make" "cmTC_822b3/fast"
/usr/bin/make -f CMakeFiles/cmTC_822b3.dir/build.make CMakeFiles/cmTC_822b3.dir/build
make[1]: 进入目录“/home/dylan/mysamples/TEE-HE-PPML/CompareToHybrid/build/CMakeFiles/CMakeTmp”
Building CXX object CMakeFiles/cmTC_822b3.dir/feature_tests.cxx.o
/usr/bin/clang++-10    -std=c++2a -o CMakeFiles/cmTC_822b3.dir/feature_tests.cxx.o -c /home/dylan/mysamples/TEE-HE-PPML/CompareToHybrid/build/CMakeFiles/feature_tests.cxx
Linking CXX executable cmTC_822b3
/usr/local/cmake-3.13.1-Linux-x86_64/bin/cmake -E cmake_link_script CMakeFiles/cmTC_822b3.dir/link.txt --verbose=1
/usr/bin/clang++-10       CMakeFiles/cmTC_822b3.dir/feature_tests.cxx.o  -o cmTC_822b3 
make[1]: 离开目录“/home/dylan/mysamples/TEE-HE-PPML/CompareToHybrid/build/CMakeFiles/CMakeTmp”


    Feature record: CXX_FEATURE:1cxx_aggregate_default_initializers
    Feature record: CXX_FEATURE:1cxx_alias_templates
    Feature record: CXX_FEATURE:1cxx_alignas
    Feature record: CXX_FEATURE:1cxx_alignof
    Feature record: CXX_FEATURE:1cxx_attributes
    Feature record: CXX_FEATURE:1cxx_attribute_deprecated
    Feature record: CXX_FEATURE:1cxx_auto_type
    Feature record: CXX_FEATURE:1cxx_binary_literals
    Feature record: CXX_FEATURE:1cxx_constexpr
    Feature record: CXX_FEATURE:1cxx_contextual_conversions
    Feature record: CXX_FEATURE:1cxx_decltype
    Feature record: CXX_FEATURE:1cxx_decltype_auto
    Feature record: CXX_FEATURE:1cxx_decltype_incomplete_return_types
    Feature record: CXX_FEATURE:1cxx_default_function_template_args
    Feature record: CXX_FEATURE:1cxx_defaulted_functions
    Feature record: CXX_FEATURE:1cxx_defaulted_move_initializers
    Feature record: CXX_FEATURE:1cxx_delegating_constructors
    Feature record: CXX_FEATURE:1cxx_deleted_functions
    Feature record: CXX_FEATURE:1cxx_digit_separators
    Feature record: CXX_FEATURE:1cxx_enum_forward_declarations
    Feature record: CXX_FEATURE:1cxx_explicit_conversions
    Feature record: CXX_FEATURE:1cxx_extended_friend_declarations
    Feature record: CXX_FEATURE:1cxx_extern_templates
    Feature record: CXX_FEATURE:1cxx_final
    Feature record: CXX_FEATURE:1cxx_func_identifier
    Feature record: CXX_FEATURE:1cxx_generalized_initializers
    Feature record: CXX_FEATURE:1cxx_generic_lambdas
    Feature record: CXX_FEATURE:1cxx_inheriting_constructors
    Feature record: CXX_FEATURE:1cxx_inline_namespaces
    Feature record: CXX_FEATURE:1cxx_lambdas
    Feature record: CXX_FEATURE:1cxx_lambda_init_captures
    Feature record: CXX_FEATURE:1cxx_local_type_template_args
    Feature record: CXX_FEATURE:1cxx_long_long_type
    Feature record: CXX_FEATURE:1cxx_noexcept
    Feature record: CXX_FEATURE:1cxx_nonstatic_member_init
    Feature record: CXX_FEATURE:1cxx_nullptr
    Feature record: CXX_FEATURE:1cxx_override
    Feature record: CXX_FEATURE:1cxx_range_for
    Feature record: CXX_FEATURE:1cxx_raw_string_literals
    Feature record: CXX_FEATURE:1cxx_reference_qualified_functions
    Feature record: CXX_FEATURE:1cxx_relaxed_constexpr
    Feature record: CXX_FEATURE:1cxx_return_type_deduction
    Feature record: CXX_FEATURE:1cxx_right_angle_brackets
    Feature record: CXX_FEATURE:1cxx_rvalue_references
    Feature record: CXX_FEATURE:1cxx_sizeof_member
    Feature record: CXX_FEATURE:1cxx_static_assert
    Feature record: CXX_FEATURE:1cxx_strong_enums
    Feature record: CXX_FEATURE:1cxx_template_template_parameters
    Feature record: CXX_FEATURE:1cxx_thread_local
    Feature record: CXX_FEATURE:1cxx_trailing_return_types
    Feature record: CXX_FEATURE:1cxx_unicode_literals
    Feature record: CXX_FEATURE:1cxx_uniform_initialization
    Feature record: CXX_FEATURE:1cxx_unrestricted_unions
    Feature record: CXX_FEATURE:1cxx_user_literals
    Feature record: CXX_FEATURE:1cxx_variable_templates
    Feature record: CXX_FEATURE:1cxx_variadic_macros
    Feature record: CXX_FEATURE:1cxx_variadic_templates


Detecting CXX [-std=c++17] compiler features compiled with the following output:
Change Dir: /home/dylan/mysamples/TEE-HE-PPML/CompareToHybrid/build/CMakeFiles/CMakeTmp

Run Build Command:"/usr/bin/make" "cmTC_d2ffb/fast"
/usr/bin/make -f CMakeFiles/cmTC_d2ffb.dir/build.make CMakeFiles/cmTC_d2ffb.dir/build
make[1]: 进入目录“/home/dylan/mysamples/TEE-HE-PPML/CompareToHybrid/build/CMakeFiles/CMakeTmp”
Building CXX object CMakeFiles/cmTC_d2ffb.dir/feature_tests.cxx.o
/usr/bin/clang++-10    -std=c++17 -o CMakeFiles/cmTC_d2ffb.dir/feature_tests.cxx.o -c /home/dylan/mysamples/TEE-HE-PPML/CompareToHybrid/build/CMakeFiles/feature_tests.cxx
Linking CXX executable cmTC_d2ffb
/usr/local/cmake-3.13.1-Linux-x86_64/bin/cmake -E cmake_link_script CMakeFiles/cmTC_d2ffb.dir/link.txt --verbose=1
/usr/bin/clang++-10       CMakeFiles/cmTC_d2ffb.dir/feature_tests.cxx.o  -o cmTC_d2ffb 
make[1]: 离开目录“/home/dylan/mysamples/TEE-HE-PPML/CompareToHybrid/build/CMakeFiles/CMakeTmp”


    Feature record: CXX_FEATURE:1cxx_aggregate_default_initializers
    Feature record: CXX_FEATURE:1cxx_alias_templates
    Feature record: CXX_FEATURE:1cxx_alignas
    Feature record: CXX_FEATURE:1cxx_alignof
    Feature record: CXX_FEATURE:1cxx_attributes
    Feature record: CXX_FEATURE:1cxx_attribute_deprecated
    Feature record: CXX_FEATURE:1cxx_auto_type
    Feature record: CXX_FEATURE:1cxx_binary_literals
    Feature record: CXX_FEATURE:1cxx_constexpr
    Feature record: CXX_FEATURE:1cxx_contextual_conversions
    Feature record: CXX_FEATURE:1cxx_decltype
    Feature record: CXX_FEATURE:1cxx_decltype_auto
    Feature record: CXX_FEATURE:1cxx_decltype_incomplete_return_types
    Feature record: CXX_FEATURE:1cxx_default_function_template_args
    Feature record: CXX_FEATURE:1cxx_defaulted_functions
    Feature record: CXX_FEATURE:1cxx_defaulted_move_initializers
    Feature record: CXX_FEATURE:1cxx_delegating_constructors
    Feature record: CXX_FEATURE:1cxx_deleted_functions
    Feature record: CXX_FEATURE:1cxx_digit_separators
    Feature record: CXX_FEATURE:1cxx_enum_forward_declarations
    Feature record: CXX_FEATURE:1cxx_explicit_conversions
    Feature record: CXX_FEATURE:1cxx_extended_friend_declarations
    Feature record: CXX_FEATURE:1cxx_extern_templates
    Feature record: CXX_FEATURE:1cxx_final
    Feature record: CXX_FEATURE:1cxx_func_identifier
    Feature record: CXX_FEATURE:1cxx_generalized_initializers
    Feature record: CXX_FEATURE:1cxx_generic_lambdas
    Feature record: CXX_FEATURE:1cxx_inheriting_constructors
    Feature record: CXX_FEATURE:1cxx_inline_namespaces
    Feature record: CXX_FEATURE:1cxx_lambdas
    Feature record: CXX_FEATURE:1cxx_lambda_init_captures
    Feature record: CXX_FEATURE:1cxx_local_type_template_args
    Feature record: CXX_FEATURE:1cxx_long_long_type
    Feature record: CXX_FEATURE:1cxx_noexcept
    Feature record: CXX_FEATURE:1cxx_nonstatic_member_init
    Feature record: CXX_FEATURE:1cxx_nullptr
    Feature record: CXX_FEATURE:1cxx_override
    Feature record: CXX_FEATURE:1cxx_range_for
    Feature record: CXX_FEATURE:1cxx_raw_string_literals
    Feature record: CXX_FEATURE:1cxx_reference_qualified_functions
    Feature record: CXX_FEATURE:1cxx_relaxed_constexpr
    Feature record: CXX_FEATURE:1cxx_return_type_deduction
    Feature record: CXX_FEATURE:1cxx_right_angle_brackets
    Feature record: CXX_FEATURE:1cxx_rvalue_references
    Feature record: CXX_FEATURE:1cxx_sizeof_member
    Feature record: CXX_FEATURE:1cxx_static_assert
    Feature record: CXX_FEATURE:1cxx_strong_enums
    Feature record: CXX_FEATURE:1cxx_template_template_parameters
    Feature record: CXX_FEATURE:1cxx_thread_local
    Feature record: CXX_FEATURE:1cxx_trailing_return_types
    Feature record: CXX_FEATURE:1cxx_unicode_literals
    Feature record: CXX_FEATURE:1cxx_uniform_initialization
    Feature record: CXX_FEATURE:1cxx_unrestricted_unions
    Feature record: CXX_FEATURE:1cxx_user_literals
    Feature record: CXX_FEATURE:1cxx_variable_templates
    Feature record: CXX_FEATURE:1cxx_variadic_macros
    Feature record: CXX_FEATURE:1cxx_variadic_templates


Detecting CXX [-std=c++14] compiler features compiled with the following output:
Change Dir: /home/dylan/mysamples/TEE-HE-PPML/CompareToHybrid/build/CMakeFiles/CMakeTmp

Run Build Command:"/usr/bin/make" "cmTC_62083/fast"
/usr/bin/make -f CMakeFiles/cmTC_62083.dir/build.make CMakeFiles/cmTC_62083.dir/build
make[1]: 进入目录“/home/dylan/mysamples/TEE-HE-PPML/CompareToHybrid/build/CMakeFiles/CMakeTmp”
Building CXX object CMakeFiles/cmTC_62083.dir/feature_tests.cxx.o
/usr/bin/clang++-10    -std=c++14 -o CMakeFiles/cmTC_62083.dir/feature_tests.cxx.o -c /home/dylan/mysamples/TEE-HE-PPML/CompareToHybrid/build/CMakeFiles/feature_tests.cxx
Linking CXX executable cmTC_62083
/usr/local/cmake-3.13.1-Linux-x86_64/bin/cmake -E cmake_link_script CMakeFiles/cmTC_62083.dir/link.txt --verbose=1
/usr/bin/clang++-10       CMakeFiles/cmTC_62083.dir/feature_tests.cxx.o  -o cmTC_62083 
make[1]: 离开目录“/home/dylan/mysamples/TEE-HE-PPML/CompareToHybrid/build/CMakeFiles/CMakeTmp”


    Feature record: CXX_FEATURE:1cxx_aggregate_default_initializers
    Feature record: CXX_FEATURE:1cxx_alias_templates
    Feature record: CXX_FEATURE:1cxx_alignas
    Feature record: CXX_FEATURE:1cxx_alignof
    Feature record: CXX_FEATURE:1cxx_attributes
    Feature record: CXX_FEATURE:1cxx_attribute_deprecated
    Feature record: CXX_FEATURE:1cxx_auto_type
    Feature record: CXX_FEATURE:1cxx_binary_literals
    Feature record: CXX_FEATURE:1cxx_constexpr
    Feature record: CXX_FEATURE:1cxx_contextual_conversions
    Feature record: CXX_FEATURE:1cxx_decltype
    Feature record: CXX_FEATURE:1cxx_decltype_auto
    Feature record: CXX_FEATURE:1cxx_decltype_incomplete_return_types
    Feature record: CXX_FEATURE:1cxx_default_function_template_args
    Feature record: CXX_FEATURE:1cxx_defaulted_functions
    Feature record: CXX_FEATURE:1cxx_defaulted_move_initializers
    Feature record: CXX_FEATURE:1cxx_delegating_constructors
    Feature record: CXX_FEATURE:1cxx_deleted_functions
    Feature record: CXX_FEATURE:1cxx_digit_separators
    Feature record: CXX_FEATURE:1cxx_enum_forward_declarations
    Feature record: CXX_FEATURE:1cxx_explicit_conversions
    Feature record: CXX_FEATURE:1cxx_extended_friend_declarations
    Feature record: CXX_FEATURE:1cxx_extern_templates
    Feature record: CXX_FEATURE:1cxx_final
    Feature record: CXX_FEATURE:1cxx_func_identifier
    Feature record: CXX_FEATURE:1cxx_generalized_initializers
    Feature record: CXX_FEATURE:1cxx_generic_lambdas
    Feature record: CXX_FEATURE:1cxx_inheriting_constructors
    Feature record: CXX_FEATURE:1cxx_inline_namespaces
    Feature record: CXX_FEATURE:1cxx_lambdas
    Feature record: CXX_FEATURE:1cxx_lambda_init_captures
    Feature record: CXX_FEATURE:1cxx_local_type_template_args
    Feature record: CXX_FEATURE:1cxx_long_long_type
    Feature record: CXX_FEATURE:1cxx_noexcept
    Feature record: CXX_FEATURE:1cxx_nonstatic_member_init
    Feature record: CXX_FEATURE:1cxx_nullptr
    Feature record: CXX_FEATURE:1cxx_override
    Feature record: CXX_FEATURE:1cxx_range_for
    Feature record: CXX_FEATURE:1cxx_raw_string_literals
    Feature record: CXX_FEATURE:1cxx_reference_qualified_functions
    Feature record: CXX_FEATURE:1cxx_relaxed_constexpr
    Feature record: CXX_FEATURE:1cxx_return_type_deduction
    Feature record: CXX_FEATURE:1cxx_right_angle_brackets
    Feature record: CXX_FEATURE:1cxx_rvalue_references
    Feature record: CXX_FEATURE:1cxx_sizeof_member
    Feature record: CXX_FEATURE:1cxx_static_assert
    Feature record: CXX_FEATURE:1cxx_strong_enums
    Feature record: CXX_FEATURE:1cxx_template_template_parameters
    Feature record: CXX_FEATURE:1cxx_thread_local
    Feature record: CXX_FEATURE:1cxx_trailing_return_types
    Feature record: CXX_FEATURE:1cxx_unicode_literals
    Feature record: CXX_FEATURE:1cxx_uniform_initialization
    Feature record: CXX_FEATURE:1cxx_unrestricted_unions
    Feature record: CXX_FEATURE:1cxx_user_literals
    Feature record: CXX_FEATURE:1cxx_variable_templates
    Feature record: CXX_FEATURE:1cxx_variadic_macros
    Feature record: CXX_FEATURE:1cxx_variadic_templates


Detecting CXX [-std=c++11] compiler features compiled with the following output:
Change Dir: /home/dylan/mysamples/TEE-HE-PPML/CompareToHybrid/build/CMakeFiles/CMakeTmp

Run Build Command:"/usr/bin/make" "cmTC_cad89/fast"
/usr/bin/make -f CMakeFiles/cmTC_cad89.dir/build.make CMakeFiles/cmTC_cad89.dir/build
make[1]: 进入目录“/home/dylan/mysamples/TEE-HE-PPML/CompareToHybrid/build/CMakeFiles/CMakeTmp”
Building CXX object CMakeFiles/cmTC_cad89.dir/feature_tests.cxx.o
/usr/bin/clang++-10    -std=c++11 -o CMakeFiles/cmTC_cad89.dir/feature_tests.cxx.o -c /home/dylan/mysamples/TEE-HE-PPML/CompareToHybrid/build/CMakeFiles/feature_tests.cxx
Linking CXX executable cmTC_cad89
/usr/local/cmake-3.13.1-Linux-x86_64/bin/cmake -E cmake_link_script CMakeFiles/cmTC_cad89.dir/link.txt --verbose=1
/usr/bin/clang++-10       CMakeFiles/cmTC_cad89.dir/feature_tests.cxx.o  -o cmTC_cad89 
make[1]: 离开目录“/home/dylan/mysamples/TEE-HE-PPML/CompareToHybrid/build/CMakeFiles/CMakeTmp”


    Feature record: CXX_FEATURE:0cxx_aggregate_default_initializers
    Feature record: CXX_FEATURE:1cxx_alias_templates
    Feature record: CXX_FEATURE:1cxx_alignas
    Feature record: CXX_FEATURE:1cxx_alignof
    Feature record: CXX_FEATURE:1cxx_attributes
    Feature record: CXX_FEATURE:0cxx_attribute_deprecated
    Feature record: CXX_FEATURE:1cxx_auto_type
    Feature record: CXX_FEATURE:0cxx_binary_literals
    Feature record: CXX_FEATURE:1cxx_constexpr
    Feature record: CXX_FEATURE:0cxx_contextual_conversions
    Feature record: CXX_FEATURE:1cxx_decltype
    Feature record: CXX_FEATURE:0cxx_decltype_auto
    Feature record: CXX_FEATURE:1cxx_decltype_incomplete_return_types
    Feature record: CXX_FEATURE:1cxx_default_function_template_args
    Feature record: CXX_FEATURE:1cxx_defaulted_functions
    Feature record: CXX_FEATURE:1cxx_defaulted_move_initializers
    Feature record: CXX_FEATURE:1cxx_delegating_constructors
    Feature record: CXX_FEATURE:1cxx_deleted_functions
    Feature record: CXX_FEATURE:0cxx_digit_separators
    Feature record: CXX_FEATURE:1cxx_enum_forward_declarations
    Feature record: CXX_FEATURE:1cxx_explicit_conversions
    Feature record: CXX_FEATURE:1cxx_extended_friend_declarations
    Feature record: CXX_FEATURE:1cxx_extern_templates
    Feature record: CXX_FEATURE:1cxx_final
    Feature record: CXX_FEATURE:1cxx_func_identifier
    Feature record: CXX_FEATURE:1cxx_generalized_initializers
    Feature record: CXX_FEATURE:0cxx_generic_lambdas
    Feature record: CXX_FEATURE:1cxx_inheriting_constructors
    Feature record: CXX_FEATURE:1cxx_inline_namespaces
    Feature record: CXX_FEATURE:1cxx_lambdas
    Feature record: CXX_FEATURE:0cxx_lambda_init_captures
    Feature record: CXX_FEATURE:1cxx_local_type_template_args
    Feature record: CXX_FEATURE:1cxx_long_long_type
    Feature record: CXX_FEATURE:1cxx_noexcept
    Feature record: CXX_FEATURE:1cxx_nonstatic_member_init
    Feature record: CXX_FEATURE:1cxx_nullptr
    Feature record: CXX_FEATURE:1cxx_override
    Feature record: CXX_FEATURE:1cxx_range_for
    Feature record: CXX_FEATURE:1cxx_raw_string_literals
    Feature record: CXX_FEATURE:1cxx_reference_qualified_functions
    Feature record: CXX_FEATURE:0cxx_relaxed_constexpr
    Feature record: CXX_FEATURE:0cxx_return_type_deduction
    Feature record: CXX_FEATURE:1cxx_right_angle_brackets
    Feature record: CXX_FEATURE:1cxx_rvalue_references
    Feature record: CXX_FEATURE:1cxx_sizeof_member
    Feature record: CXX_FEATURE:1cxx_static_assert
    Feature record: CXX_FEATURE:1cxx_strong_enums
    Feature record: CXX_FEATURE:1cxx_template_template_parameters
    Feature record: CXX_FEATURE:1cxx_thread_local
    Feature record: CXX_FEATURE:1cxx_trailing_return_types
    Feature record: CXX_FEATURE:1cxx_unicode_literals
    Feature record: CXX_FEATURE:1cxx_uniform_initialization
    Feature record: CXX_FEATURE:1cxx_unrestricted_unions
    Feature record: CXX_FEATURE:1cxx_user_literals
    Feature record: CXX_FEATURE:0cxx_variable_templates
    Feature record: CXX_FEATURE:1cxx_variadic_macros
    Feature record: CXX_FEATURE:1cxx_variadic_templates


Detecting CXX [-std=c++98] compiler features compiled with the following output:
Change Dir: /home/dylan/mysamples/TEE-HE-PPML/CompareToHybrid/build/CMakeFiles/CMakeTmp

Run Build Command:"/usr/bin/make" "cmTC_6c00d/fast"
/usr/bin/make -f CMakeFiles/cmTC_6c00d.dir/build.make CMakeFiles/cmTC_6c00d.dir/build
make[1]: 进入目录“/home/dylan/mysamples/TEE-HE-PPML/CompareToHybrid/build/CMakeFiles/CMakeTmp”
Building CXX object CMakeFiles/cmTC_6c00d.dir/feature_tests.cxx.o
/usr/bin/clang++-10    -std=c++98 -o CMakeFiles/cmTC_6c00d.dir/feature_tests.cxx.o -c /home/dylan/mysamples/TEE-HE-PPML/CompareToHybrid/build/CMakeFiles/feature_tests.cxx
Linking CXX executable cmTC_6c00d
/usr/local/cmake-3.13.1-Linux-x86_64/bin/cmake -E cmake_link_script CMakeFiles/cmTC_6c00d.dir/link.txt --verbose=1
/usr/bin/clang++-10       CMakeFiles/cmTC_6c00d.dir/feature_tests.cxx.o  -o cmTC_6c00d 
make[1]: 离开目录“/home/dylan/mysamples/TEE-HE-PPML/CompareToHybrid/build/CMakeFiles/CMakeTmp”


    Feature record: CXX_FEATURE:0cxx_aggregate_default_initializers
    Feature record: CXX_FEATURE:0cxx_alias_templates
    Feature record: CXX_FEATURE:0cxx_alignas
    Feature record: CXX_FEATURE:0cxx_alignof
    Feature record: CXX_FEATURE:0cxx_attributes
    Feature record: CXX_FEATURE:0cxx_attribute_deprecated
    Feature record: CXX_FEATURE:0cxx_auto_type
    Feature record: CXX_FEATURE:0cxx_binary_literals
    Feature record: CXX_FEATURE:0cxx_constexpr
    Feature record: CXX_FEATURE:0cxx_contextual_conversions
    Feature record: CXX_FEATURE:0cxx_decltype
    Feature record: CXX_FEATURE:0cxx_decltype_auto
    Feature record: CXX_FEATURE:0cxx_decltype_incomplete_return_types
    Feature record: CXX_FEATURE:0cxx_default_function_template_args
    Feature record: CXX_FEATURE:0cxx_defaulted_functions
    Feature record: CXX_FEATURE:0cxx_defaulted_move_initializers
    Feature record: CXX_FEATURE:0cxx_delegating_constructors
    Feature record: CXX_FEATURE:0cxx_deleted_functions
    Feature record: CXX_FEATURE:0cxx_digit_separators
    Feature record: CXX_FEATURE:0cxx_enum_forward_declarations
    Feature record: CXX_FEATURE:0cxx_explicit_conversions
    Feature record: CXX_FEATURE:0cxx_extended_friend_declarations
    Feature record: CXX_FEATURE:0cxx_extern_templates
    Feature record: CXX_FEATURE:0cxx_final
    Feature record: CXX_FEATURE:0cxx_func_identifier
    Feature record: CXX_FEATURE:0cxx_generalized_initializers
    Feature record: CXX_FEATURE:0cxx_generic_lambdas
    Feature record: CXX_FEATURE:0cxx_inheriting_constructors
    Feature record: CXX_FEATURE:0cxx_inline_namespaces
    Feature record: CXX_FEATURE:0cxx_lambdas
    Feature record: CXX_FEATURE:0cxx_lambda_init_captures
    Feature record: CXX_FEATURE:0cxx_local_type_template_args
    Feature record: CXX_FEATURE:0cxx_long_long_type
    Feature record: CXX_FEATURE:0cxx_noexcept
    Feature record: CXX_FEATURE:0cxx_nonstatic_member_init
    Feature record: CXX_FEATURE:0cxx_nullptr
    Feature record: CXX_FEATURE:0cxx_override
    Feature record: CXX_FEATURE:0cxx_range_for
    Feature record: CXX_FEATURE:0cxx_raw_string_literals
    Feature record: CXX_FEATURE:0cxx_reference_qualified_functions
    Feature record: CXX_FEATURE:0cxx_relaxed_constexpr
    Feature record: CXX_FEATURE:0cxx_return_type_deduction
    Feature record: CXX_FEATURE:0cxx_right_angle_brackets
    Feature record: CXX_FEATURE:0cxx_rvalue_references
    Feature record: CXX_FEATURE:0cxx_sizeof_member
    Feature record: CXX_FEATURE:0cxx_static_assert
    Feature record: CXX_FEATURE:0cxx_strong_enums
    Feature record: CXX_FEATURE:1cxx_template_template_parameters
    Feature record: CXX_FEATURE:0cxx_thread_local
    Feature record: CXX_FEATURE:0cxx_trailing_return_types
    Feature record: CXX_FEATURE:0cxx_unicode_literals
    Feature record: CXX_FEATURE:0cxx_uniform_initialization
    Feature record: CXX_FEATURE:0cxx_unrestricted_unions
    Feature record: CXX_FEATURE:0cxx_user_literals
    Feature record: CXX_FEATURE:0cxx_variable_templates
    Feature record: CXX_FEATURE:0cxx_variadic_macros
    Feature record: CXX_FEATURE:0cxx_variadic_templates
Determining if the include file pthread.h exists passed with the following output:
Change Dir: /home/dylan/mysamples/TEE-HE-PPML/CompareToHybrid/build/CMakeFiles/CMakeTmp

Run Build Command:"/usr/bin/make" "cmTC_d5600/fast"
/usr/bin/make -f CMakeFiles/cmTC_d5600.dir/build.make CMakeFiles/cmTC_d5600.dir/build
make[1]: 进入目录“/home/dylan/mysamples/TEE-HE-PPML/CompareToHybrid/build/CMakeFiles/CMakeTmp”
Building C object CMakeFiles/cmTC_d5600.dir/CheckIncludeFile.c.o
/usr/bin/clang-10    -o CMakeFiles/cmTC_d5600.dir/CheckIncludeFile.c.o   -c /home/dylan/mysamples/TEE-HE-PPML/CompareToHybrid/build/CMakeFiles/CMakeTmp/CheckIncludeFile.c
Linking C executable cmTC_d5600
/usr/local/cmake-3.13.1-Linux-x86_64/bin/cmake -E cmake_link_script CMakeFiles/cmTC_d5600.dir/link.txt --verbose=1
/usr/bin/clang-10      CMakeFiles/cmTC_d5600.dir/CheckIncludeFile.c.o  -o cmTC_d5600 
make[1]: 离开目录“/home/dylan/mysamples/TEE-HE-PPML/CompareToHybrid/build/CMakeFiles/CMakeTmp”


Determining if the function pthread_create exists in the pthread passed with the following output:
Change Dir: /home/dylan/mysamples/TEE-HE-PPML/CompareToHybrid/build/CMakeFiles/CMakeTmp

Run Build Command:"/usr/bin/make" "cmTC_c2019/fast"
/usr/bin/make -f CMakeFiles/cmTC_c2019.dir/build.make CMakeFiles/cmTC_c2019.dir/build
make[1]: 进入目录“/home/dylan/mysamples/TEE-HE-PPML/CompareToHybrid/build/CMakeFiles/CMakeTmp”
Building C object CMakeFiles/cmTC_c2019.dir/CheckFunctionExists.c.o
/usr/bin/clang-10   -DCHECK_FUNCTION_EXISTS=pthread_create   -o CMakeFiles/cmTC_c2019.dir/CheckFunctionExists.c.o   -c /usr/local/cmake-3.13.1-Linux-x86_64/share/cmake-3.13/Modules/CheckFunctionExists.c
Linking C executable cmTC_c2019
/usr/local/cmake-3.13.1-Linux-x86_64/bin/cmake -E cmake_link_script CMakeFiles/cmTC_c2019.dir/link.txt --verbose=1
/usr/bin/clang-10  -DCHECK_FUNCTION_EXISTS=pthread_create    CMakeFiles/cmTC_c2019.dir/CheckFunctionExists.c.o  -o cmTC_c2019 -lpthread 
make[1]: 离开目录“/home/dylan/mysamples/TEE-HE-PPML/CompareToHybrid/build/CMakeFiles/CMakeTmp”


Performing C SOURCE FILE Test OE_SPECTRE_MITIGATION_C_FLAGS_SUPPORTED succeeded with the following output:
Change Dir: /home/dylan/mysamples/TEE-HE-PPML/CompareToHybrid/build/CMakeFiles/CMakeTmp

Run Build Command:"/usr/bin/make" "cmTC_859d5/fast"
/usr/bin/make -f CMakeFiles/cmTC_859d5.dir/build.make CMakeFiles/cmTC_859d5.dir/build
make[1]: Entering directory '/home/dylan/mysamples/TEE-HE-PPML/CompareToHybrid/build/CMakeFiles/CMakeTmp'
Building C object CMakeFiles/cmTC_859d5.dir/src.c.o
/usr/bin/clang-10   -DOE_SPECTRE_MITIGATION_C_FLAGS_SUPPORTED   -mllvm -x86-speculative-load-hardening -o CMakeFiles/cmTC_859d5.dir/src.c.o   -c /home/dylan/mysamples/TEE-HE-PPML/CompareToHybrid/build/CMakeFiles/CMakeTmp/src.c
Linking C executable cmTC_859d5
/usr/local/cmake-3.13.1-Linux-x86_64/bin/cmake -E cmake_link_script CMakeFiles/cmTC_859d5.dir/link.txt --verbose=1
/usr/bin/clang-10  -DOE_SPECTRE_MITIGATION_C_FLAGS_SUPPORTED    CMakeFiles/cmTC_859d5.dir/src.c.o  -o cmTC_859d5 
make[1]: Leaving directory '/home/dylan/mysamples/TEE-HE-PPML/CompareToHybrid/build/CMakeFiles/CMakeTmp'

Source file was:
int main(void) { return 0; }
Performing C++ SOURCE FILE Test OE_SPECTRE_MITIGATION_CXX_FLAGS_SUPPORTED succeeded with the following output:
Change Dir: /home/dylan/mysamples/TEE-HE-PPML/CompareToHybrid/build/CMakeFiles/CMakeTmp

Run Build Command:"/usr/bin/make" "cmTC_51ed0/fast"
/usr/bin/make -f CMakeFiles/cmTC_51ed0.dir/build.make CMakeFiles/cmTC_51ed0.dir/build
make[1]: Entering directory '/home/dylan/mysamples/TEE-HE-PPML/CompareToHybrid/build/CMakeFiles/CMakeTmp'
Building CXX object CMakeFiles/cmTC_51ed0.dir/src.cxx.o
/usr/bin/clang++-10    -DOE_SPECTRE_MITIGATION_CXX_FLAGS_SUPPORTED   -mllvm -x86-speculative-load-hardening -o CMakeFiles/cmTC_51ed0.dir/src.cxx.o -c /home/dylan/mysamples/TEE-HE-PPML/CompareToHybrid/build/CMakeFiles/CMakeTmp/src.cxx
Linking CXX executable cmTC_51ed0
/usr/local/cmake-3.13.1-Linux-x86_64/bin/cmake -E cmake_link_script CMakeFiles/cmTC_51ed0.dir/link.txt --verbose=1
/usr/bin/clang++-10   -DOE_SPECTRE_MITIGATION_CXX_FLAGS_SUPPORTED    CMakeFiles/cmTC_51ed0.dir/src.cxx.o  -o cmTC_51ed0 
make[1]: Leaving directory '/home/dylan/mysamples/TEE-HE-PPML/CompareToHybrid/build/CMakeFiles/CMakeTmp'

Source file was:
int main() { return 0; }
