Determining if the pthread_create exist failed with the following output:
Change Dir: /home/dylan/mysamples/TEE-HE-PPML/CompareToHybrid/build/CMakeFiles/CMakeTmp

Run Build Command:"/usr/bin/make" "cmTC_9fa34/fast"
/usr/bin/make -f CMakeFiles/cmTC_9fa34.dir/build.make CMakeFiles/cmTC_9fa34.dir/build
make[1]: 进入目录“/home/dylan/mysamples/TEE-HE-PPML/CompareToHybrid/build/CMakeFiles/CMakeTmp”
Building C object CMakeFiles/cmTC_9fa34.dir/CheckSymbolExists.c.o
/usr/bin/clang-10    -o CMakeFiles/cmTC_9fa34.dir/CheckSymbolExists.c.o   -c /home/dylan/mysamples/TEE-HE-PPML/CompareToHybrid/build/CMakeFiles/CMakeTmp/CheckSymbolExists.c
Linking C executable cmTC_9fa34
/usr/local/cmake-3.13.1-Linux-x86_64/bin/cmake -E cmake_link_script CMakeFiles/cmTC_9fa34.dir/link.txt --verbose=1
/usr/bin/clang-10      CMakeFiles/cmTC_9fa34.dir/CheckSymbolExists.c.o  -o cmTC_9fa34 
CMakeFiles/cmTC_9fa34.dir/CheckSymbolExists.c.o：在函数‘main’中：
CheckSymbolExists.c:(.text+0x19)：对‘pthread_create’未定义的引用
clang: error: linker command failed with exit code 1 (use -v to see invocation)
CMakeFiles/cmTC_9fa34.dir/build.make:86: recipe for target 'cmTC_9fa34' failed
make[1]: *** [cmTC_9fa34] Error 1
make[1]: 离开目录“/home/dylan/mysamples/TEE-HE-PPML/CompareToHybrid/build/CMakeFiles/CMakeTmp”
Makefile:121: recipe for target 'cmTC_9fa34/fast' failed
make: *** [cmTC_9fa34/fast] Error 2

File /home/dylan/mysamples/TEE-HE-PPML/CompareToHybrid/build/CMakeFiles/CMakeTmp/CheckSymbolExists.c:
/* */
#include <pthread.h>

int main(int argc, char** argv)
{
  (void)argv;
#ifndef pthread_create
  return ((int*)(&pthread_create))[argc];
#else
  (void)argc;
  return 0;
#endif
}

Determining if the function pthread_create exists in the pthreads failed with the following output:
Change Dir: /home/dylan/mysamples/TEE-HE-PPML/CompareToHybrid/build/CMakeFiles/CMakeTmp

Run Build Command:"/usr/bin/make" "cmTC_21560/fast"
/usr/bin/make -f CMakeFiles/cmTC_21560.dir/build.make CMakeFiles/cmTC_21560.dir/build
make[1]: 进入目录“/home/dylan/mysamples/TEE-HE-PPML/CompareToHybrid/build/CMakeFiles/CMakeTmp”
Building C object CMakeFiles/cmTC_21560.dir/CheckFunctionExists.c.o
/usr/bin/clang-10   -DCHECK_FUNCTION_EXISTS=pthread_create   -o CMakeFiles/cmTC_21560.dir/CheckFunctionExists.c.o   -c /usr/local/cmake-3.13.1-Linux-x86_64/share/cmake-3.13/Modules/CheckFunctionExists.c
Linking C executable cmTC_21560
/usr/local/cmake-3.13.1-Linux-x86_64/bin/cmake -E cmake_link_script CMakeFiles/cmTC_21560.dir/link.txt --verbose=1
/usr/bin/clang-10  -DCHECK_FUNCTION_EXISTS=pthread_create    CMakeFiles/cmTC_21560.dir/CheckFunctionExists.c.o  -o cmTC_21560 -lpthreads 
/usr/bin/ld: 找不到 -lpthreads
clang: error: linker command failed with exit code 1 (use -v to see invocation)
CMakeFiles/cmTC_21560.dir/build.make:86: recipe for target 'cmTC_21560' failed
make[1]: *** [cmTC_21560] Error 1
make[1]: 离开目录“/home/dylan/mysamples/TEE-HE-PPML/CompareToHybrid/build/CMakeFiles/CMakeTmp”
Makefile:121: recipe for target 'cmTC_21560/fast' failed
make: *** [cmTC_21560/fast] Error 2


