1.
ckksParams param(/*m=*/16 * 1024, /*bits=*/179, /*precision=*/20, /*c=*/2);

------------------------------------------------------------------------
Enclave: Total Setup Time for HE = 6.625 s
------------------------------------------------------------------------
------------------------------------------------------------------------
Host: Inference Time= 25.7972 s
------------------------------------------------------------------------


2.
ckksParams param(/*m=*/16 * 1024, /*bits=*/235, /*precision=*/20, /*c=*/4);
m = 16384, p = -1, phi(m) = 8192
  ord(p) = 2
  normBnd = 1
  polyNormBnd = 1
  factors = [2]
  generator 3 has order (== Z_m^*) of 4096
r = 20
nslots = 4096
hwt = 0
ctxtPrimes = [6,7,8,9]
specialPrimes = [10]
number of bits = 293

security level = 87.0607


Host: Inference Time= 27.7565 s